2023-02-27 10:28:19,933 INFO com.sm360.listing.Sm360ListingApiApplication [restartedMain] Starting Sm360ListingApiApplication using Java 1.8.0_45 on DESKTOP-CLE051M with PID 8628 (C:\Users\Beaudry Mazengele\Documents\workspace-spring-tool-suite-4-4.7.0.RELEASE\sm360-listing-api\target\classes started by Beaudry Mazengele in C:\Users\Beaudry Mazengele\Documents\workspace-spring-tool-suite-4-4.7.0.RELEASE\sm360-listing-api)
2023-02-27 10:28:19,934 DEBUG com.sm360.listing.Sm360ListingApiApplication [restartedMain] Running with Spring Boot v2.5.4, Spring v5.3.9
2023-02-27 10:28:19,934 INFO com.sm360.listing.Sm360ListingApiApplication [restartedMain] No active profile set, falling back to default profiles: default
2023-02-27 10:28:20,592 INFO com.sm360.listing.Sm360ListingApiApplication [restartedMain] Started Sm360ListingApiApplication in 0.74 seconds (JVM running for 656.289)
2023-02-27 10:28:44,907 INFO com.sm360.listing.Sm360ListingApiApplication [restartedMain] Starting Sm360ListingApiApplication using Java 1.8.0_45 on DESKTOP-CLE051M with PID 8628 (C:\Users\Beaudry Mazengele\Documents\workspace-spring-tool-suite-4-4.7.0.RELEASE\sm360-listing-api\target\classes started by Beaudry Mazengele in C:\Users\Beaudry Mazengele\Documents\workspace-spring-tool-suite-4-4.7.0.RELEASE\sm360-listing-api)
2023-02-27 10:28:44,907 DEBUG com.sm360.listing.Sm360ListingApiApplication [restartedMain] Running with Spring Boot v2.5.4, Spring v5.3.9
2023-02-27 10:28:44,907 INFO com.sm360.listing.Sm360ListingApiApplication [restartedMain] No active profile set, falling back to default profiles: default
2023-02-27 10:28:45,642 INFO com.sm360.listing.Sm360ListingApiApplication [restartedMain] Started Sm360ListingApiApplication in 0.77 seconds (JVM running for 681.338)
2023-02-27 10:29:26,267 INFO com.sm360.listing.Sm360ListingApiApplication [restartedMain] Starting Sm360ListingApiApplication using Java 1.8.0_45 on DESKTOP-CLE051M with PID 8628 (C:\Users\Beaudry Mazengele\Documents\workspace-spring-tool-suite-4-4.7.0.RELEASE\sm360-listing-api\target\classes started by Beaudry Mazengele in C:\Users\Beaudry Mazengele\Documents\workspace-spring-tool-suite-4-4.7.0.RELEASE\sm360-listing-api)
2023-02-27 10:29:26,267 DEBUG com.sm360.listing.Sm360ListingApiApplication [restartedMain] Running with Spring Boot v2.5.4, Spring v5.3.9
2023-02-27 10:29:26,267 INFO com.sm360.listing.Sm360ListingApiApplication [restartedMain] No active profile set, falling back to default profiles: default
2023-02-27 10:29:26,909 INFO com.sm360.listing.Sm360ListingApiApplication [restartedMain] Started Sm360ListingApiApplication in 0.669 seconds (JVM running for 722.606)
2023-02-27 10:30:08,599 INFO com.sm360.listing.Sm360ListingApiApplication [restartedMain] Starting Sm360ListingApiApplication using Java 1.8.0_45 on DESKTOP-CLE051M with PID 8628 (C:\Users\Beaudry Mazengele\Documents\workspace-spring-tool-suite-4-4.7.0.RELEASE\sm360-listing-api\target\classes started by Beaudry Mazengele in C:\Users\Beaudry Mazengele\Documents\workspace-spring-tool-suite-4-4.7.0.RELEASE\sm360-listing-api)
2023-02-27 10:30:08,599 DEBUG com.sm360.listing.Sm360ListingApiApplication [restartedMain] Running with Spring Boot v2.5.4, Spring v5.3.9
2023-02-27 10:30:08,599 INFO com.sm360.listing.Sm360ListingApiApplication [restartedMain] No active profile set, falling back to default profiles: default
2023-02-27 10:30:09,351 INFO com.sm360.listing.Sm360ListingApiApplication [restartedMain] Started Sm360ListingApiApplication in 0.785 seconds (JVM running for 765.048)
2023-02-27 10:30:36,684 INFO com.sm360.listing.Sm360ListingApiApplication [restartedMain] Starting Sm360ListingApiApplication using Java 1.8.0_45 on DESKTOP-CLE051M with PID 8628 (C:\Users\Beaudry Mazengele\Documents\workspace-spring-tool-suite-4-4.7.0.RELEASE\sm360-listing-api\target\classes started by Beaudry Mazengele in C:\Users\Beaudry Mazengele\Documents\workspace-spring-tool-suite-4-4.7.0.RELEASE\sm360-listing-api)
2023-02-27 10:30:36,684 DEBUG com.sm360.listing.Sm360ListingApiApplication [restartedMain] Running with Spring Boot v2.5.4, Spring v5.3.9
2023-02-27 10:30:36,684 INFO com.sm360.listing.Sm360ListingApiApplication [restartedMain] The following profiles are active: prod
2023-02-27 10:30:37,390 INFO com.sm360.listing.Sm360ListingApiApplication [restartedMain] Started Sm360ListingApiApplication in 0.738 seconds (JVM running for 793.087)
2023-02-27 10:31:57,947 INFO com.sm360.listing.Sm360ListingApiApplication [restartedMain] Starting Sm360ListingApiApplication using Java 1.8.0_45 on DESKTOP-CLE051M with PID 8628 (C:\Users\Beaudry Mazengele\Documents\workspace-spring-tool-suite-4-4.7.0.RELEASE\sm360-listing-api\target\classes started by Beaudry Mazengele in C:\Users\Beaudry Mazengele\Documents\workspace-spring-tool-suite-4-4.7.0.RELEASE\sm360-listing-api)
2023-02-27 10:31:57,947 DEBUG com.sm360.listing.Sm360ListingApiApplication [restartedMain] Running with Spring Boot v2.5.4, Spring v5.3.9
2023-02-27 10:31:57,947 INFO com.sm360.listing.Sm360ListingApiApplication [restartedMain] The following profiles are active: prod
2023-02-27 10:31:58,628 INFO com.sm360.listing.Sm360ListingApiApplication [restartedMain] Started Sm360ListingApiApplication in 0.703 seconds (JVM running for 874.324)
2023-02-27 10:32:11,698 INFO com.sm360.listing.Sm360ListingApiApplication [restartedMain] Starting Sm360ListingApiApplication using Java 1.8.0_45 on DESKTOP-CLE051M with PID 8628 (C:\Users\Beaudry Mazengele\Documents\workspace-spring-tool-suite-4-4.7.0.RELEASE\sm360-listing-api\target\classes started by Beaudry Mazengele in C:\Users\Beaudry Mazengele\Documents\workspace-spring-tool-suite-4-4.7.0.RELEASE\sm360-listing-api)
2023-02-27 10:32:11,699 DEBUG com.sm360.listing.Sm360ListingApiApplication [restartedMain] Running with Spring Boot v2.5.4, Spring v5.3.9
2023-02-27 10:32:11,699 INFO com.sm360.listing.Sm360ListingApiApplication [restartedMain] The following profiles are active: prod
2023-02-27 10:32:12,303 INFO com.sm360.listing.Sm360ListingApiApplication [restartedMain] Started Sm360ListingApiApplication in 0.63 seconds (JVM running for 888.0)
2023-02-27 10:32:20,320 INFO com.sm360.listing.Sm360ListingApiApplication [restartedMain] Starting Sm360ListingApiApplication using Java 1.8.0_45 on DESKTOP-CLE051M with PID 8628 (C:\Users\Beaudry Mazengele\Documents\workspace-spring-tool-suite-4-4.7.0.RELEASE\sm360-listing-api\target\classes started by Beaudry Mazengele in C:\Users\Beaudry Mazengele\Documents\workspace-spring-tool-suite-4-4.7.0.RELEASE\sm360-listing-api)
2023-02-27 10:32:20,320 DEBUG com.sm360.listing.Sm360ListingApiApplication [restartedMain] Running with Spring Boot v2.5.4, Spring v5.3.9
2023-02-27 10:32:20,321 INFO com.sm360.listing.Sm360ListingApiApplication [restartedMain] The following profiles are active: prod
2023-02-27 10:32:21,060 INFO com.sm360.listing.Sm360ListingApiApplication [restartedMain] Started Sm360ListingApiApplication in 0.766 seconds (JVM running for 896.756)
2023-02-27 10:33:32,608 INFO com.sm360.listing.Sm360ListingApiApplication [restartedMain] Starting Sm360ListingApiApplication using Java 1.8.0_45 on DESKTOP-CLE051M with PID 23892 (C:\Users\Beaudry Mazengele\Documents\workspace-spring-tool-suite-4-4.7.0.RELEASE\sm360-listing-api\target\classes started by Beaudry Mazengele in C:\Users\Beaudry Mazengele\Documents\workspace-spring-tool-suite-4-4.7.0.RELEASE\sm360-listing-api)
2023-02-27 10:33:32,610 DEBUG com.sm360.listing.Sm360ListingApiApplication [restartedMain] Running with Spring Boot v2.5.4, Spring v5.3.9
2023-02-27 10:33:32,610 INFO com.sm360.listing.Sm360ListingApiApplication [restartedMain] The following profiles are active: prod
2023-02-27 10:33:35,702 INFO com.sm360.listing.Sm360ListingApiApplication [restartedMain] Started Sm360ListingApiApplication in 3.448 seconds (JVM running for 4.436)
2023-02-27 10:58:52,649 INFO com.sm360.listing.Sm360ListingApiApplication [restartedMain] Starting Sm360ListingApiApplication using Java 1.8.0_45 on DESKTOP-CLE051M with PID 23892 (C:\Users\Beaudry Mazengele\Documents\workspace-spring-tool-suite-4-4.7.0.RELEASE\sm360-listing-api\target\classes started by Beaudry Mazengele in C:\Users\Beaudry Mazengele\Documents\workspace-spring-tool-suite-4-4.7.0.RELEASE\sm360-listing-api)
2023-02-27 10:58:52,649 DEBUG com.sm360.listing.Sm360ListingApiApplication [restartedMain] Running with Spring Boot v2.5.4, Spring v5.3.9
2023-02-27 10:58:52,649 INFO com.sm360.listing.Sm360ListingApiApplication [restartedMain] The following profiles are active: prod
2023-02-27 10:58:53,446 INFO com.sm360.listing.Sm360ListingApiApplication [restartedMain] Started Sm360ListingApiApplication in 0.834 seconds (JVM running for 1522.18)
2023-02-27 10:59:31,031 INFO com.sm360.listing.controllers.ListingController [http-nio-8080-exec-1] TierLimitReachedException
2023-02-27 11:00:47,940 INFO com.sm360.listing.Sm360ListingApiApplication [restartedMain] Starting Sm360ListingApiApplication using Java 1.8.0_45 on DESKTOP-CLE051M with PID 23892 (C:\Users\Beaudry Mazengele\Documents\workspace-spring-tool-suite-4-4.7.0.RELEASE\sm360-listing-api\target\classes started by Beaudry Mazengele in C:\Users\Beaudry Mazengele\Documents\workspace-spring-tool-suite-4-4.7.0.RELEASE\sm360-listing-api)
2023-02-27 11:00:47,940 DEBUG com.sm360.listing.Sm360ListingApiApplication [restartedMain] Running with Spring Boot v2.5.4, Spring v5.3.9
2023-02-27 11:00:47,940 INFO com.sm360.listing.Sm360ListingApiApplication [restartedMain] The following profiles are active: prod
2023-02-27 11:00:48,656 INFO com.sm360.listing.Sm360ListingApiApplication [restartedMain] Started Sm360ListingApiApplication in 0.742 seconds (JVM running for 1637.39)
2023-02-27 11:09:32,256 INFO com.sm360.listing.Sm360ListingApiApplication [restartedMain] Starting Sm360ListingApiApplication using Java 1.8.0_45 on DESKTOP-CLE051M with PID 23892 (C:\Users\Beaudry Mazengele\Documents\workspace-spring-tool-suite-4-4.7.0.RELEASE\sm360-listing-api\target\classes started by Beaudry Mazengele in C:\Users\Beaudry Mazengele\Documents\workspace-spring-tool-suite-4-4.7.0.RELEASE\sm360-listing-api)
2023-02-27 11:09:32,256 DEBUG com.sm360.listing.Sm360ListingApiApplication [restartedMain] Running with Spring Boot v2.5.4, Spring v5.3.9
2023-02-27 11:09:32,256 INFO com.sm360.listing.Sm360ListingApiApplication [restartedMain] The following profiles are active: prod
2023-02-27 11:09:33,303 INFO com.sm360.listing.Sm360ListingApiApplication [restartedMain] Started Sm360ListingApiApplication in 1.076 seconds (JVM running for 2163.678)
2023-02-27 11:09:49,603 INFO com.sm360.listing.Sm360ListingApiApplication [restartedMain] Starting Sm360ListingApiApplication using Java 1.8.0_45 on DESKTOP-CLE051M with PID 23892 (C:\Users\Beaudry Mazengele\Documents\workspace-spring-tool-suite-4-4.7.0.RELEASE\sm360-listing-api\target\classes started by Beaudry Mazengele in C:\Users\Beaudry Mazengele\Documents\workspace-spring-tool-suite-4-4.7.0.RELEASE\sm360-listing-api)
2023-02-27 11:09:49,603 DEBUG com.sm360.listing.Sm360ListingApiApplication [restartedMain] Running with Spring Boot v2.5.4, Spring v5.3.9
2023-02-27 11:09:49,603 INFO com.sm360.listing.Sm360ListingApiApplication [restartedMain] The following profiles are active: prod
2023-02-27 11:09:50,215 INFO com.sm360.listing.Sm360ListingApiApplication [restartedMain] Started Sm360ListingApiApplication in 0.643 seconds (JVM running for 2180.59)
2023-02-27 11:11:43,845 INFO com.sm360.listing.Sm360ListingApiApplication [restartedMain] Starting Sm360ListingApiApplication using Java 1.8.0_45 on DESKTOP-CLE051M with PID 23892 (C:\Users\Beaudry Mazengele\Documents\workspace-spring-tool-suite-4-4.7.0.RELEASE\sm360-listing-api\target\classes started by Beaudry Mazengele in C:\Users\Beaudry Mazengele\Documents\workspace-spring-tool-suite-4-4.7.0.RELEASE\sm360-listing-api)
2023-02-27 11:11:43,845 DEBUG com.sm360.listing.Sm360ListingApiApplication [restartedMain] Running with Spring Boot v2.5.4, Spring v5.3.9
2023-02-27 11:11:43,845 INFO com.sm360.listing.Sm360ListingApiApplication [restartedMain] The following profiles are active: prod
2023-02-27 11:11:44,471 INFO com.sm360.listing.Sm360ListingApiApplication [restartedMain] Started Sm360ListingApiApplication in 0.649 seconds (JVM running for 2294.845)
2023-02-27 11:12:01,649 INFO com.sm360.listing.Sm360ListingApiApplication [restartedMain] Starting Sm360ListingApiApplication using Java 1.8.0_45 on DESKTOP-CLE051M with PID 23892 (C:\Users\Beaudry Mazengele\Documents\workspace-spring-tool-suite-4-4.7.0.RELEASE\sm360-listing-api\target\classes started by Beaudry Mazengele in C:\Users\Beaudry Mazengele\Documents\workspace-spring-tool-suite-4-4.7.0.RELEASE\sm360-listing-api)
2023-02-27 11:12:01,649 DEBUG com.sm360.listing.Sm360ListingApiApplication [restartedMain] Running with Spring Boot v2.5.4, Spring v5.3.9
2023-02-27 11:12:01,649 INFO com.sm360.listing.Sm360ListingApiApplication [restartedMain] The following profiles are active: prod
2023-02-27 11:12:02,235 INFO com.sm360.listing.Sm360ListingApiApplication [restartedMain] Started Sm360ListingApiApplication in 0.607 seconds (JVM running for 2312.609)
2023-02-27 11:12:26,538 ERROR org.apache.catalina.core.ContainerBase.[Tomcat].[localhost].[/api/sm360].[dispatcherServlet] [http-nio-8080-exec-3] Servlet.service() for servlet [dispatcherServlet] in context with path [/api/sm360] threw exception [Request processing failed; nested exception is com.sm360.listing.exception.NoDatasFoundException: No Listing not found with the id 700bc5c0-71c0-4bf7-be8c-f3025705b715] with root cause
com.sm360.listing.exception.NoDatasFoundException: No Listing not found with the id 700bc5c0-71c0-4bf7-be8c-f3025705b715
	at com.sm360.listing.services.ListingServiceImpl.findById(ListingServiceImpl.java:66)
	at com.sm360.listing.controllers.ListingController.findById(ListingController.java:59)
	at sun.reflect.NativeMethodAccessorImpl.invoke0(Native Method)
	at sun.reflect.NativeMethodAccessorImpl.invoke(Unknown Source)
	at sun.reflect.DelegatingMethodAccessorImpl.invoke(Unknown Source)
	at java.lang.reflect.Method.invoke(Unknown Source)
	at org.springframework.web.method.support.InvocableHandlerMethod.doInvoke(InvocableHandlerMethod.java:197)
	at org.springframework.web.method.support.InvocableHandlerMethod.invokeForRequest(InvocableHandlerMethod.java:141)
	at org.springframework.web.servlet.mvc.method.annotation.ServletInvocableHandlerMethod.invokeAndHandle(ServletInvocableHandlerMethod.java:106)
	at org.springframework.web.servlet.mvc.method.annotation.RequestMappingHandlerAdapter.invokeHandlerMethod(RequestMappingHandlerAdapter.java:895)
	at org.springframework.web.servlet.mvc.method.annotation.RequestMappingHandlerAdapter.handleInternal(RequestMappingHandlerAdapter.java:808)
	at org.springframework.web.servlet.mvc.method.AbstractHandlerMethodAdapter.handle(AbstractHandlerMethodAdapter.java:87)
	at org.springframework.web.servlet.DispatcherServlet.doDispatch(DispatcherServlet.java:1064)
	at org.springframework.web.servlet.DispatcherServlet.doService(DispatcherServlet.java:963)
	at org.springframework.web.servlet.FrameworkServlet.processRequest(FrameworkServlet.java:1006)
	at org.springframework.web.servlet.FrameworkServlet.doGet(FrameworkServlet.java:898)
	at javax.servlet.http.HttpServlet.service(HttpServlet.java:655)
	at org.springframework.web.servlet.FrameworkServlet.service(FrameworkServlet.java:883)
	at javax.servlet.http.HttpServlet.service(HttpServlet.java:764)
	at org.apache.catalina.core.ApplicationFilterChain.internalDoFilter(ApplicationFilterChain.java:227)
	at org.apache.catalina.core.ApplicationFilterChain.doFilter(ApplicationFilterChain.java:162)
	at org.apache.tomcat.websocket.server.WsFilter.doFilter(WsFilter.java:53)
	at org.apache.catalina.core.ApplicationFilterChain.internalDoFilter(ApplicationFilterChain.java:189)
	at org.apache.catalina.core.ApplicationFilterChain.doFilter(ApplicationFilterChain.java:162)
	at org.springframework.web.filter.RequestContextFilter.doFilterInternal(RequestContextFilter.java:100)
	at org.springframework.web.filter.OncePerRequestFilter.doFilter(OncePerRequestFilter.java:119)
	at org.apache.catalina.core.ApplicationFilterChain.internalDoFilter(ApplicationFilterChain.java:189)
	at org.apache.catalina.core.ApplicationFilterChain.doFilter(ApplicationFilterChain.java:162)
	at org.springframework.web.filter.FormContentFilter.doFilterInternal(FormContentFilter.java:93)
	at org.springframework.web.filter.OncePerRequestFilter.doFilter(OncePerRequestFilter.java:119)
	at org.apache.catalina.core.ApplicationFilterChain.internalDoFilter(ApplicationFilterChain.java:189)
	at org.apache.catalina.core.ApplicationFilterChain.doFilter(ApplicationFilterChain.java:162)
	at org.springframework.web.filter.CharacterEncodingFilter.doFilterInternal(CharacterEncodingFilter.java:201)
	at org.springframework.web.filter.OncePerRequestFilter.doFilter(OncePerRequestFilter.java:119)
	at org.apache.catalina.core.ApplicationFilterChain.internalDoFilter(ApplicationFilterChain.java:189)
	at org.apache.catalina.core.ApplicationFilterChain.doFilter(ApplicationFilterChain.java:162)
	at org.apache.catalina.core.StandardWrapperValve.invoke(StandardWrapperValve.java:197)
	at org.apache.catalina.core.StandardContextValve.invoke(StandardContextValve.java:97)
	at org.apache.catalina.authenticator.AuthenticatorBase.invoke(AuthenticatorBase.java:542)
	at org.apache.catalina.core.StandardHostValve.invoke(StandardHostValve.java:135)
	at org.apache.catalina.valves.ErrorReportValve.invoke(ErrorReportValve.java:92)
	at org.apache.catalina.core.StandardEngineValve.invoke(StandardEngineValve.java:78)
	at org.apache.catalina.connector.CoyoteAdapter.service(CoyoteAdapter.java:357)
	at org.apache.coyote.http11.Http11Processor.service(Http11Processor.java:382)
	at org.apache.coyote.AbstractProcessorLight.process(AbstractProcessorLight.java:65)
	at org.apache.coyote.AbstractProtocol$ConnectionHandler.process(AbstractProtocol.java:893)
	at org.apache.tomcat.util.net.NioEndpoint$SocketProcessor.doRun(NioEndpoint.java:1726)
	at org.apache.tomcat.util.net.SocketProcessorBase.run(SocketProcessorBase.java:49)
	at org.apache.tomcat.util.threads.ThreadPoolExecutor.runWorker(ThreadPoolExecutor.java:1191)
	at org.apache.tomcat.util.threads.ThreadPoolExecutor$Worker.run(ThreadPoolExecutor.java:659)
	at org.apache.tomcat.util.threads.TaskThread$WrappingRunnable.run(TaskThread.java:61)
	at java.lang.Thread.run(Unknown Source)
2023-02-27 11:12:41,131 INFO com.sm360.listing.Sm360ListingApiApplication [restartedMain] Starting Sm360ListingApiApplication using Java 1.8.0_45 on DESKTOP-CLE051M with PID 4540 (C:\Users\Beaudry Mazengele\Documents\workspace-spring-tool-suite-4-4.7.0.RELEASE\sm360-listing-api\target\classes started by Beaudry Mazengele in C:\Users\Beaudry Mazengele\Documents\workspace-spring-tool-suite-4-4.7.0.RELEASE\sm360-listing-api)
2023-02-27 11:12:41,132 DEBUG com.sm360.listing.Sm360ListingApiApplication [restartedMain] Running with Spring Boot v2.5.4, Spring v5.3.9
2023-02-27 11:12:41,132 INFO com.sm360.listing.Sm360ListingApiApplication [restartedMain] The following profiles are active: prod
2023-02-27 11:12:44,027 INFO com.sm360.listing.Sm360ListingApiApplication [restartedMain] Started Sm360ListingApiApplication in 3.164 seconds (JVM running for 4.018)
2023-02-27 11:12:51,902 ERROR org.apache.catalina.core.ContainerBase.[Tomcat].[localhost].[/api/sm360].[dispatcherServlet] [http-nio-8080-exec-2] Servlet.service() for servlet [dispatcherServlet] in context with path [/api/sm360] threw exception [Request processing failed; nested exception is com.sm360.listing.exception.NoDatasFoundException: No Listing not found with the id 700bc5c0-71c0-4bf7-be8c-f3025705b715] with root cause
com.sm360.listing.exception.NoDatasFoundException: No Listing not found with the id 700bc5c0-71c0-4bf7-be8c-f3025705b715
	at com.sm360.listing.services.ListingServiceImpl.findById(ListingServiceImpl.java:66)
	at com.sm360.listing.controllers.ListingController.findById(ListingController.java:59)
	at sun.reflect.NativeMethodAccessorImpl.invoke0(Native Method)
	at sun.reflect.NativeMethodAccessorImpl.invoke(Unknown Source)
	at sun.reflect.DelegatingMethodAccessorImpl.invoke(Unknown Source)
	at java.lang.reflect.Method.invoke(Unknown Source)
	at org.springframework.web.method.support.InvocableHandlerMethod.doInvoke(InvocableHandlerMethod.java:197)
	at org.springframework.web.method.support.InvocableHandlerMethod.invokeForRequest(InvocableHandlerMethod.java:141)
	at org.springframework.web.servlet.mvc.method.annotation.ServletInvocableHandlerMethod.invokeAndHandle(ServletInvocableHandlerMethod.java:106)
	at org.springframework.web.servlet.mvc.method.annotation.RequestMappingHandlerAdapter.invokeHandlerMethod(RequestMappingHandlerAdapter.java:895)
	at org.springframework.web.servlet.mvc.method.annotation.RequestMappingHandlerAdapter.handleInternal(RequestMappingHandlerAdapter.java:808)
	at org.springframework.web.servlet.mvc.method.AbstractHandlerMethodAdapter.handle(AbstractHandlerMethodAdapter.java:87)
	at org.springframework.web.servlet.DispatcherServlet.doDispatch(DispatcherServlet.java:1064)
	at org.springframework.web.servlet.DispatcherServlet.doService(DispatcherServlet.java:963)
	at org.springframework.web.servlet.FrameworkServlet.processRequest(FrameworkServlet.java:1006)
	at org.springframework.web.servlet.FrameworkServlet.doGet(FrameworkServlet.java:898)
	at javax.servlet.http.HttpServlet.service(HttpServlet.java:655)
	at org.springframework.web.servlet.FrameworkServlet.service(FrameworkServlet.java:883)
	at javax.servlet.http.HttpServlet.service(HttpServlet.java:764)
	at org.apache.catalina.core.ApplicationFilterChain.internalDoFilter(ApplicationFilterChain.java:227)
	at org.apache.catalina.core.ApplicationFilterChain.doFilter(ApplicationFilterChain.java:162)
	at org.apache.tomcat.websocket.server.WsFilter.doFilter(WsFilter.java:53)
	at org.apache.catalina.core.ApplicationFilterChain.internalDoFilter(ApplicationFilterChain.java:189)
	at org.apache.catalina.core.ApplicationFilterChain.doFilter(ApplicationFilterChain.java:162)
	at org.springframework.web.filter.RequestContextFilter.doFilterInternal(RequestContextFilter.java:100)
	at org.springframework.web.filter.OncePerRequestFilter.doFilter(OncePerRequestFilter.java:119)
	at org.apache.catalina.core.ApplicationFilterChain.internalDoFilter(ApplicationFilterChain.java:189)
	at org.apache.catalina.core.ApplicationFilterChain.doFilter(ApplicationFilterChain.java:162)
	at org.springframework.web.filter.FormContentFilter.doFilterInternal(FormContentFilter.java:93)
	at org.springframework.web.filter.OncePerRequestFilter.doFilter(OncePerRequestFilter.java:119)
	at org.apache.catalina.core.ApplicationFilterChain.internalDoFilter(ApplicationFilterChain.java:189)
	at org.apache.catalina.core.ApplicationFilterChain.doFilter(ApplicationFilterChain.java:162)
	at org.springframework.web.filter.CharacterEncodingFilter.doFilterInternal(CharacterEncodingFilter.java:201)
	at org.springframework.web.filter.OncePerRequestFilter.doFilter(OncePerRequestFilter.java:119)
	at org.apache.catalina.core.ApplicationFilterChain.internalDoFilter(ApplicationFilterChain.java:189)
	at org.apache.catalina.core.ApplicationFilterChain.doFilter(ApplicationFilterChain.java:162)
	at org.apache.catalina.core.StandardWrapperValve.invoke(StandardWrapperValve.java:197)
	at org.apache.catalina.core.StandardContextValve.invoke(StandardContextValve.java:97)
	at org.apache.catalina.authenticator.AuthenticatorBase.invoke(AuthenticatorBase.java:542)
	at org.apache.catalina.core.StandardHostValve.invoke(StandardHostValve.java:135)
	at org.apache.catalina.valves.ErrorReportValve.invoke(ErrorReportValve.java:92)
	at org.apache.catalina.core.StandardEngineValve.invoke(StandardEngineValve.java:78)
	at org.apache.catalina.connector.CoyoteAdapter.service(CoyoteAdapter.java:357)
	at org.apache.coyote.http11.Http11Processor.service(Http11Processor.java:382)
	at org.apache.coyote.AbstractProcessorLight.process(AbstractProcessorLight.java:65)
	at org.apache.coyote.AbstractProtocol$ConnectionHandler.process(AbstractProtocol.java:893)
	at org.apache.tomcat.util.net.NioEndpoint$SocketProcessor.doRun(NioEndpoint.java:1726)
	at org.apache.tomcat.util.net.SocketProcessorBase.run(SocketProcessorBase.java:49)
	at org.apache.tomcat.util.threads.ThreadPoolExecutor.runWorker(ThreadPoolExecutor.java:1191)
	at org.apache.tomcat.util.threads.ThreadPoolExecutor$Worker.run(ThreadPoolExecutor.java:659)
	at org.apache.tomcat.util.threads.TaskThread$WrappingRunnable.run(TaskThread.java:61)
	at java.lang.Thread.run(Unknown Source)
2023-02-27 11:13:29,087 ERROR org.apache.catalina.core.ContainerBase.[Tomcat].[localhost].[/api/sm360].[dispatcherServlet] [http-nio-8080-exec-5] Servlet.service() for servlet [dispatcherServlet] in context with path [/api/sm360] threw exception [Request processing failed; nested exception is com.sm360.listing.exception.NoDatasFoundException: No Listing not found with the id 700bc5c0-71c0-4bf7-be8c-f3025705b715] with root cause
com.sm360.listing.exception.NoDatasFoundException: No Listing not found with the id 700bc5c0-71c0-4bf7-be8c-f3025705b715
	at com.sm360.listing.services.ListingServiceImpl.findById(ListingServiceImpl.java:66)
	at com.sm360.listing.controllers.ListingController.findById(ListingController.java:59)
	at sun.reflect.NativeMethodAccessorImpl.invoke0(Native Method)
	at sun.reflect.NativeMethodAccessorImpl.invoke(Unknown Source)
	at sun.reflect.DelegatingMethodAccessorImpl.invoke(Unknown Source)
	at java.lang.reflect.Method.invoke(Unknown Source)
	at org.springframework.web.method.support.InvocableHandlerMethod.doInvoke(InvocableHandlerMethod.java:197)
	at org.springframework.web.method.support.InvocableHandlerMethod.invokeForRequest(InvocableHandlerMethod.java:141)
	at org.springframework.web.servlet.mvc.method.annotation.ServletInvocableHandlerMethod.invokeAndHandle(ServletInvocableHandlerMethod.java:106)
	at org.springframework.web.servlet.mvc.method.annotation.RequestMappingHandlerAdapter.invokeHandlerMethod(RequestMappingHandlerAdapter.java:895)
	at org.springframework.web.servlet.mvc.method.annotation.RequestMappingHandlerAdapter.handleInternal(RequestMappingHandlerAdapter.java:808)
	at org.springframework.web.servlet.mvc.method.AbstractHandlerMethodAdapter.handle(AbstractHandlerMethodAdapter.java:87)
	at org.springframework.web.servlet.DispatcherServlet.doDispatch(DispatcherServlet.java:1064)
	at org.springframework.web.servlet.DispatcherServlet.doService(DispatcherServlet.java:963)
	at org.springframework.web.servlet.FrameworkServlet.processRequest(FrameworkServlet.java:1006)
	at org.springframework.web.servlet.FrameworkServlet.doGet(FrameworkServlet.java:898)
	at javax.servlet.http.HttpServlet.service(HttpServlet.java:655)
	at org.springframework.web.servlet.FrameworkServlet.service(FrameworkServlet.java:883)
	at javax.servlet.http.HttpServlet.service(HttpServlet.java:764)
	at org.apache.catalina.core.ApplicationFilterChain.internalDoFilter(ApplicationFilterChain.java:227)
	at org.apache.catalina.core.ApplicationFilterChain.doFilter(ApplicationFilterChain.java:162)
	at org.apache.tomcat.websocket.server.WsFilter.doFilter(WsFilter.java:53)
	at org.apache.catalina.core.ApplicationFilterChain.internalDoFilter(ApplicationFilterChain.java:189)
	at org.apache.catalina.core.ApplicationFilterChain.doFilter(ApplicationFilterChain.java:162)
	at org.springframework.web.filter.RequestContextFilter.doFilterInternal(RequestContextFilter.java:100)
	at org.springframework.web.filter.OncePerRequestFilter.doFilter(OncePerRequestFilter.java:119)
	at org.apache.catalina.core.ApplicationFilterChain.internalDoFilter(ApplicationFilterChain.java:189)
	at org.apache.catalina.core.ApplicationFilterChain.doFilter(ApplicationFilterChain.java:162)
	at org.springframework.web.filter.FormContentFilter.doFilterInternal(FormContentFilter.java:93)
	at org.springframework.web.filter.OncePerRequestFilter.doFilter(OncePerRequestFilter.java:119)
	at org.apache.catalina.core.ApplicationFilterChain.internalDoFilter(ApplicationFilterChain.java:189)
	at org.apache.catalina.core.ApplicationFilterChain.doFilter(ApplicationFilterChain.java:162)
	at org.springframework.web.filter.CharacterEncodingFilter.doFilterInternal(CharacterEncodingFilter.java:201)
	at org.springframework.web.filter.OncePerRequestFilter.doFilter(OncePerRequestFilter.java:119)
	at org.apache.catalina.core.ApplicationFilterChain.internalDoFilter(ApplicationFilterChain.java:189)
	at org.apache.catalina.core.ApplicationFilterChain.doFilter(ApplicationFilterChain.java:162)
	at org.apache.catalina.core.StandardWrapperValve.invoke(StandardWrapperValve.java:197)
	at org.apache.catalina.core.StandardContextValve.invoke(StandardContextValve.java:97)
	at org.apache.catalina.authenticator.AuthenticatorBase.invoke(AuthenticatorBase.java:542)
	at org.apache.catalina.core.StandardHostValve.invoke(StandardHostValve.java:135)
	at org.apache.catalina.valves.ErrorReportValve.invoke(ErrorReportValve.java:92)
	at org.apache.catalina.core.StandardEngineValve.invoke(StandardEngineValve.java:78)
	at org.apache.catalina.connector.CoyoteAdapter.service(CoyoteAdapter.java:357)
	at org.apache.coyote.http11.Http11Processor.service(Http11Processor.java:382)
	at org.apache.coyote.AbstractProcessorLight.process(AbstractProcessorLight.java:65)
	at org.apache.coyote.AbstractProtocol$ConnectionHandler.process(AbstractProtocol.java:893)
	at org.apache.tomcat.util.net.NioEndpoint$SocketProcessor.doRun(NioEndpoint.java:1726)
	at org.apache.tomcat.util.net.SocketProcessorBase.run(SocketProcessorBase.java:49)
	at org.apache.tomcat.util.threads.ThreadPoolExecutor.runWorker(ThreadPoolExecutor.java:1191)
	at org.apache.tomcat.util.threads.ThreadPoolExecutor$Worker.run(ThreadPoolExecutor.java:659)
	at org.apache.tomcat.util.threads.TaskThread$WrappingRunnable.run(TaskThread.java:61)
	at java.lang.Thread.run(Unknown Source)
2023-02-27 11:13:53,433 INFO com.sm360.listing.Sm360ListingApiApplication [restartedMain] Starting Sm360ListingApiApplication using Java 1.8.0_45 on DESKTOP-CLE051M with PID 4540 (C:\Users\Beaudry Mazengele\Documents\workspace-spring-tool-suite-4-4.7.0.RELEASE\sm360-listing-api\target\classes started by Beaudry Mazengele in C:\Users\Beaudry Mazengele\Documents\workspace-spring-tool-suite-4-4.7.0.RELEASE\sm360-listing-api)
2023-02-27 11:13:53,434 DEBUG com.sm360.listing.Sm360ListingApiApplication [restartedMain] Running with Spring Boot v2.5.4, Spring v5.3.9
2023-02-27 11:13:53,434 INFO com.sm360.listing.Sm360ListingApiApplication [restartedMain] The following profiles are active: prod
2023-02-27 11:13:54,117 INFO com.sm360.listing.Sm360ListingApiApplication [restartedMain] Started Sm360ListingApiApplication in 0.711 seconds (JVM running for 74.109)
2023-02-27 11:14:01,931 ERROR org.apache.catalina.core.ContainerBase.[Tomcat].[localhost].[/api/sm360].[dispatcherServlet] [http-nio-8080-exec-2] Servlet.service() for servlet [dispatcherServlet] in context with path [/api/sm360] threw exception [Request processing failed; nested exception is com.sm360.listing.exception.NoDatasFoundException: No Listing not found with the id 700bc5c0-71c0-4bf7-be8c-f3025705b715] with root cause
com.sm360.listing.exception.NoDatasFoundException: No Listing not found with the id 700bc5c0-71c0-4bf7-be8c-f3025705b715
	at com.sm360.listing.services.ListingServiceImpl.findById(ListingServiceImpl.java:66)
	at com.sm360.listing.controllers.ListingController.findById(ListingController.java:59)
	at sun.reflect.NativeMethodAccessorImpl.invoke0(Native Method)
	at sun.reflect.NativeMethodAccessorImpl.invoke(Unknown Source)
	at sun.reflect.DelegatingMethodAccessorImpl.invoke(Unknown Source)
	at java.lang.reflect.Method.invoke(Unknown Source)
	at org.springframework.web.method.support.InvocableHandlerMethod.doInvoke(InvocableHandlerMethod.java:197)
	at org.springframework.web.method.support.InvocableHandlerMethod.invokeForRequest(InvocableHandlerMethod.java:141)
	at org.springframework.web.servlet.mvc.method.annotation.ServletInvocableHandlerMethod.invokeAndHandle(ServletInvocableHandlerMethod.java:106)
	at org.springframework.web.servlet.mvc.method.annotation.RequestMappingHandlerAdapter.invokeHandlerMethod(RequestMappingHandlerAdapter.java:895)
	at org.springframework.web.servlet.mvc.method.annotation.RequestMappingHandlerAdapter.handleInternal(RequestMappingHandlerAdapter.java:808)
	at org.springframework.web.servlet.mvc.method.AbstractHandlerMethodAdapter.handle(AbstractHandlerMethodAdapter.java:87)
	at org.springframework.web.servlet.DispatcherServlet.doDispatch(DispatcherServlet.java:1064)
	at org.springframework.web.servlet.DispatcherServlet.doService(DispatcherServlet.java:963)
	at org.springframework.web.servlet.FrameworkServlet.processRequest(FrameworkServlet.java:1006)
	at org.springframework.web.servlet.FrameworkServlet.doGet(FrameworkServlet.java:898)
	at javax.servlet.http.HttpServlet.service(HttpServlet.java:655)
	at org.springframework.web.servlet.FrameworkServlet.service(FrameworkServlet.java:883)
	at javax.servlet.http.HttpServlet.service(HttpServlet.java:764)
	at org.apache.catalina.core.ApplicationFilterChain.internalDoFilter(ApplicationFilterChain.java:227)
	at org.apache.catalina.core.ApplicationFilterChain.doFilter(ApplicationFilterChain.java:162)
	at org.apache.tomcat.websocket.server.WsFilter.doFilter(WsFilter.java:53)
	at org.apache.catalina.core.ApplicationFilterChain.internalDoFilter(ApplicationFilterChain.java:189)
	at org.apache.catalina.core.ApplicationFilterChain.doFilter(ApplicationFilterChain.java:162)
	at org.springframework.web.filter.RequestContextFilter.doFilterInternal(RequestContextFilter.java:100)
	at org.springframework.web.filter.OncePerRequestFilter.doFilter(OncePerRequestFilter.java:119)
	at org.apache.catalina.core.ApplicationFilterChain.internalDoFilter(ApplicationFilterChain.java:189)
	at org.apache.catalina.core.ApplicationFilterChain.doFilter(ApplicationFilterChain.java:162)
	at org.springframework.web.filter.FormContentFilter.doFilterInternal(FormContentFilter.java:93)
	at org.springframework.web.filter.OncePerRequestFilter.doFilter(OncePerRequestFilter.java:119)
	at org.apache.catalina.core.ApplicationFilterChain.internalDoFilter(ApplicationFilterChain.java:189)
	at org.apache.catalina.core.ApplicationFilterChain.doFilter(ApplicationFilterChain.java:162)
	at org.springframework.web.filter.CharacterEncodingFilter.doFilterInternal(CharacterEncodingFilter.java:201)
	at org.springframework.web.filter.OncePerRequestFilter.doFilter(OncePerRequestFilter.java:119)
	at org.apache.catalina.core.ApplicationFilterChain.internalDoFilter(ApplicationFilterChain.java:189)
	at org.apache.catalina.core.ApplicationFilterChain.doFilter(ApplicationFilterChain.java:162)
	at org.apache.catalina.core.StandardWrapperValve.invoke(StandardWrapperValve.java:197)
	at org.apache.catalina.core.StandardContextValve.invoke(StandardContextValve.java:97)
	at org.apache.catalina.authenticator.AuthenticatorBase.invoke(AuthenticatorBase.java:542)
	at org.apache.catalina.core.StandardHostValve.invoke(StandardHostValve.java:135)
	at org.apache.catalina.valves.ErrorReportValve.invoke(ErrorReportValve.java:92)
	at org.apache.catalina.core.StandardEngineValve.invoke(StandardEngineValve.java:78)
	at org.apache.catalina.connector.CoyoteAdapter.service(CoyoteAdapter.java:357)
	at org.apache.coyote.http11.Http11Processor.service(Http11Processor.java:382)
	at org.apache.coyote.AbstractProcessorLight.process(AbstractProcessorLight.java:65)
	at org.apache.coyote.AbstractProtocol$ConnectionHandler.process(AbstractProtocol.java:893)
	at org.apache.tomcat.util.net.NioEndpoint$SocketProcessor.doRun(NioEndpoint.java:1726)
	at org.apache.tomcat.util.net.SocketProcessorBase.run(SocketProcessorBase.java:49)
	at org.apache.tomcat.util.threads.ThreadPoolExecutor.runWorker(ThreadPoolExecutor.java:1191)
	at org.apache.tomcat.util.threads.ThreadPoolExecutor$Worker.run(ThreadPoolExecutor.java:659)
	at org.apache.tomcat.util.threads.TaskThread$WrappingRunnable.run(TaskThread.java:61)
	at java.lang.Thread.run(Unknown Source)
2023-02-27 11:15:13,827 INFO com.sm360.listing.Sm360ListingApiApplication [restartedMain] Starting Sm360ListingApiApplication using Java 1.8.0_45 on DESKTOP-CLE051M with PID 4540 (C:\Users\Beaudry Mazengele\Documents\workspace-spring-tool-suite-4-4.7.0.RELEASE\sm360-listing-api\target\classes started by Beaudry Mazengele in C:\Users\Beaudry Mazengele\Documents\workspace-spring-tool-suite-4-4.7.0.RELEASE\sm360-listing-api)
2023-02-27 11:15:13,827 DEBUG com.sm360.listing.Sm360ListingApiApplication [restartedMain] Running with Spring Boot v2.5.4, Spring v5.3.9
2023-02-27 11:15:13,827 INFO com.sm360.listing.Sm360ListingApiApplication [restartedMain] The following profiles are active: prod
2023-02-27 11:15:14,522 INFO com.sm360.listing.Sm360ListingApiApplication [restartedMain] Started Sm360ListingApiApplication in 0.73 seconds (JVM running for 154.513)
2023-02-27 11:17:52,115 INFO com.sm360.listing.Sm360ListingApiApplication [restartedMain] Starting Sm360ListingApiApplication using Java 1.8.0_45 on DESKTOP-CLE051M with PID 4540 (C:\Users\Beaudry Mazengele\Documents\workspace-spring-tool-suite-4-4.7.0.RELEASE\sm360-listing-api\target\classes started by Beaudry Mazengele in C:\Users\Beaudry Mazengele\Documents\workspace-spring-tool-suite-4-4.7.0.RELEASE\sm360-listing-api)
2023-02-27 11:17:52,116 DEBUG com.sm360.listing.Sm360ListingApiApplication [restartedMain] Running with Spring Boot v2.5.4, Spring v5.3.9
2023-02-27 11:17:52,116 INFO com.sm360.listing.Sm360ListingApiApplication [restartedMain] The following profiles are active: prod
2023-02-27 11:17:52,793 INFO com.sm360.listing.Sm360ListingApiApplication [restartedMain] Started Sm360ListingApiApplication in 0.708 seconds (JVM running for 312.784)
2023-02-27 11:18:00,704 INFO com.sm360.listing.Sm360ListingApiApplication [restartedMain] Starting Sm360ListingApiApplication using Java 1.8.0_45 on DESKTOP-CLE051M with PID 23344 (C:\Users\Beaudry Mazengele\Documents\workspace-spring-tool-suite-4-4.7.0.RELEASE\sm360-listing-api\target\classes started by Beaudry Mazengele in C:\Users\Beaudry Mazengele\Documents\workspace-spring-tool-suite-4-4.7.0.RELEASE\sm360-listing-api)
2023-02-27 11:18:00,705 DEBUG com.sm360.listing.Sm360ListingApiApplication [restartedMain] Running with Spring Boot v2.5.4, Spring v5.3.9
2023-02-27 11:18:00,705 INFO com.sm360.listing.Sm360ListingApiApplication [restartedMain] The following profiles are active: prod
2023-02-27 11:18:03,610 INFO com.sm360.listing.Sm360ListingApiApplication [restartedMain] Started Sm360ListingApiApplication in 3.179 seconds (JVM running for 4.05)
2023-02-27 11:18:08,173 ERROR org.apache.catalina.core.ContainerBase.[Tomcat].[localhost].[/api/sm360].[dispatcherServlet] [http-nio-8080-exec-2] Servlet.service() for servlet [dispatcherServlet] in context with path [/api/sm360] threw exception [Request processing failed; nested exception is java.lang.NullPointerException] with root cause
java.lang.NullPointerException: null
	at com.sm360.listing.controllers.ListingController.findById(ListingController.java:60)
	at sun.reflect.NativeMethodAccessorImpl.invoke0(Native Method)
	at sun.reflect.NativeMethodAccessorImpl.invoke(Unknown Source)
	at sun.reflect.DelegatingMethodAccessorImpl.invoke(Unknown Source)
	at java.lang.reflect.Method.invoke(Unknown Source)
	at org.springframework.web.method.support.InvocableHandlerMethod.doInvoke(InvocableHandlerMethod.java:197)
	at org.springframework.web.method.support.InvocableHandlerMethod.invokeForRequest(InvocableHandlerMethod.java:141)
	at org.springframework.web.servlet.mvc.method.annotation.ServletInvocableHandlerMethod.invokeAndHandle(ServletInvocableHandlerMethod.java:106)
	at org.springframework.web.servlet.mvc.method.annotation.RequestMappingHandlerAdapter.invokeHandlerMethod(RequestMappingHandlerAdapter.java:895)
	at org.springframework.web.servlet.mvc.method.annotation.RequestMappingHandlerAdapter.handleInternal(RequestMappingHandlerAdapter.java:808)
	at org.springframework.web.servlet.mvc.method.AbstractHandlerMethodAdapter.handle(AbstractHandlerMethodAdapter.java:87)
	at org.springframework.web.servlet.DispatcherServlet.doDispatch(DispatcherServlet.java:1064)
	at org.springframework.web.servlet.DispatcherServlet.doService(DispatcherServlet.java:963)
	at org.springframework.web.servlet.FrameworkServlet.processRequest(FrameworkServlet.java:1006)
	at org.springframework.web.servlet.FrameworkServlet.doGet(FrameworkServlet.java:898)
	at javax.servlet.http.HttpServlet.service(HttpServlet.java:655)
	at org.springframework.web.servlet.FrameworkServlet.service(FrameworkServlet.java:883)
	at javax.servlet.http.HttpServlet.service(HttpServlet.java:764)
	at org.apache.catalina.core.ApplicationFilterChain.internalDoFilter(ApplicationFilterChain.java:227)
	at org.apache.catalina.core.ApplicationFilterChain.doFilter(ApplicationFilterChain.java:162)
	at org.apache.tomcat.websocket.server.WsFilter.doFilter(WsFilter.java:53)
	at org.apache.catalina.core.ApplicationFilterChain.internalDoFilter(ApplicationFilterChain.java:189)
	at org.apache.catalina.core.ApplicationFilterChain.doFilter(ApplicationFilterChain.java:162)
	at org.springframework.web.filter.RequestContextFilter.doFilterInternal(RequestContextFilter.java:100)
	at org.springframework.web.filter.OncePerRequestFilter.doFilter(OncePerRequestFilter.java:119)
	at org.apache.catalina.core.ApplicationFilterChain.internalDoFilter(ApplicationFilterChain.java:189)
	at org.apache.catalina.core.ApplicationFilterChain.doFilter(ApplicationFilterChain.java:162)
	at org.springframework.web.filter.FormContentFilter.doFilterInternal(FormContentFilter.java:93)
	at org.springframework.web.filter.OncePerRequestFilter.doFilter(OncePerRequestFilter.java:119)
	at org.apache.catalina.core.ApplicationFilterChain.internalDoFilter(ApplicationFilterChain.java:189)
	at org.apache.catalina.core.ApplicationFilterChain.doFilter(ApplicationFilterChain.java:162)
	at org.springframework.web.filter.CharacterEncodingFilter.doFilterInternal(CharacterEncodingFilter.java:201)
	at org.springframework.web.filter.OncePerRequestFilter.doFilter(OncePerRequestFilter.java:119)
	at org.apache.catalina.core.ApplicationFilterChain.internalDoFilter(ApplicationFilterChain.java:189)
	at org.apache.catalina.core.ApplicationFilterChain.doFilter(ApplicationFilterChain.java:162)
	at org.apache.catalina.core.StandardWrapperValve.invoke(StandardWrapperValve.java:197)
	at org.apache.catalina.core.StandardContextValve.invoke(StandardContextValve.java:97)
	at org.apache.catalina.authenticator.AuthenticatorBase.invoke(AuthenticatorBase.java:542)
	at org.apache.catalina.core.StandardHostValve.invoke(StandardHostValve.java:135)
	at org.apache.catalina.valves.ErrorReportValve.invoke(ErrorReportValve.java:92)
	at org.apache.catalina.core.StandardEngineValve.invoke(StandardEngineValve.java:78)
	at org.apache.catalina.connector.CoyoteAdapter.service(CoyoteAdapter.java:357)
	at org.apache.coyote.http11.Http11Processor.service(Http11Processor.java:382)
	at org.apache.coyote.AbstractProcessorLight.process(AbstractProcessorLight.java:65)
	at org.apache.coyote.AbstractProtocol$ConnectionHandler.process(AbstractProtocol.java:893)
	at org.apache.tomcat.util.net.NioEndpoint$SocketProcessor.doRun(NioEndpoint.java:1726)
	at org.apache.tomcat.util.net.SocketProcessorBase.run(SocketProcessorBase.java:49)
	at org.apache.tomcat.util.threads.ThreadPoolExecutor.runWorker(ThreadPoolExecutor.java:1191)
	at org.apache.tomcat.util.threads.ThreadPoolExecutor$Worker.run(ThreadPoolExecutor.java:659)
	at org.apache.tomcat.util.threads.TaskThread$WrappingRunnable.run(TaskThread.java:61)
	at java.lang.Thread.run(Unknown Source)
2023-02-27 11:18:24,664 ERROR org.apache.catalina.core.ContainerBase.[Tomcat].[localhost].[/api/sm360].[dispatcherServlet] [http-nio-8080-exec-5] Servlet.service() for servlet [dispatcherServlet] in context with path [/api/sm360] threw exception [Request processing failed; nested exception is java.lang.NullPointerException] with root cause
java.lang.NullPointerException: null
	at com.sm360.listing.controllers.ListingController.findById(ListingController.java:60)
	at sun.reflect.NativeMethodAccessorImpl.invoke0(Native Method)
	at sun.reflect.NativeMethodAccessorImpl.invoke(Unknown Source)
	at sun.reflect.DelegatingMethodAccessorImpl.invoke(Unknown Source)
	at java.lang.reflect.Method.invoke(Unknown Source)
	at org.springframework.web.method.support.InvocableHandlerMethod.doInvoke(InvocableHandlerMethod.java:197)
	at org.springframework.web.method.support.InvocableHandlerMethod.invokeForRequest(InvocableHandlerMethod.java:141)
	at org.springframework.web.servlet.mvc.method.annotation.ServletInvocableHandlerMethod.invokeAndHandle(ServletInvocableHandlerMethod.java:106)
	at org.springframework.web.servlet.mvc.method.annotation.RequestMappingHandlerAdapter.invokeHandlerMethod(RequestMappingHandlerAdapter.java:895)
	at org.springframework.web.servlet.mvc.method.annotation.RequestMappingHandlerAdapter.handleInternal(RequestMappingHandlerAdapter.java:808)
	at org.springframework.web.servlet.mvc.method.AbstractHandlerMethodAdapter.handle(AbstractHandlerMethodAdapter.java:87)
	at org.springframework.web.servlet.DispatcherServlet.doDispatch(DispatcherServlet.java:1064)
	at org.springframework.web.servlet.DispatcherServlet.doService(DispatcherServlet.java:963)
	at org.springframework.web.servlet.FrameworkServlet.processRequest(FrameworkServlet.java:1006)
	at org.springframework.web.servlet.FrameworkServlet.doGet(FrameworkServlet.java:898)
	at javax.servlet.http.HttpServlet.service(HttpServlet.java:655)
	at org.springframework.web.servlet.FrameworkServlet.service(FrameworkServlet.java:883)
	at javax.servlet.http.HttpServlet.service(HttpServlet.java:764)
	at org.apache.catalina.core.ApplicationFilterChain.internalDoFilter(ApplicationFilterChain.java:227)
	at org.apache.catalina.core.ApplicationFilterChain.doFilter(ApplicationFilterChain.java:162)
	at org.apache.tomcat.websocket.server.WsFilter.doFilter(WsFilter.java:53)
	at org.apache.catalina.core.ApplicationFilterChain.internalDoFilter(ApplicationFilterChain.java:189)
	at org.apache.catalina.core.ApplicationFilterChain.doFilter(ApplicationFilterChain.java:162)
	at org.springframework.web.filter.RequestContextFilter.doFilterInternal(RequestContextFilter.java:100)
	at org.springframework.web.filter.OncePerRequestFilter.doFilter(OncePerRequestFilter.java:119)
	at org.apache.catalina.core.ApplicationFilterChain.internalDoFilter(ApplicationFilterChain.java:189)
	at org.apache.catalina.core.ApplicationFilterChain.doFilter(ApplicationFilterChain.java:162)
	at org.springframework.web.filter.FormContentFilter.doFilterInternal(FormContentFilter.java:93)
	at org.springframework.web.filter.OncePerRequestFilter.doFilter(OncePerRequestFilter.java:119)
	at org.apache.catalina.core.ApplicationFilterChain.internalDoFilter(ApplicationFilterChain.java:189)
	at org.apache.catalina.core.ApplicationFilterChain.doFilter(ApplicationFilterChain.java:162)
	at org.springframework.web.filter.CharacterEncodingFilter.doFilterInternal(CharacterEncodingFilter.java:201)
	at org.springframework.web.filter.OncePerRequestFilter.doFilter(OncePerRequestFilter.java:119)
	at org.apache.catalina.core.ApplicationFilterChain.internalDoFilter(ApplicationFilterChain.java:189)
	at org.apache.catalina.core.ApplicationFilterChain.doFilter(ApplicationFilterChain.java:162)
	at org.apache.catalina.core.StandardWrapperValve.invoke(StandardWrapperValve.java:197)
	at org.apache.catalina.core.StandardContextValve.invoke(StandardContextValve.java:97)
	at org.apache.catalina.authenticator.AuthenticatorBase.invoke(AuthenticatorBase.java:542)
	at org.apache.catalina.core.StandardHostValve.invoke(StandardHostValve.java:135)
	at org.apache.catalina.valves.ErrorReportValve.invoke(ErrorReportValve.java:92)
	at org.apache.catalina.core.StandardEngineValve.invoke(StandardEngineValve.java:78)
	at org.apache.catalina.connector.CoyoteAdapter.service(CoyoteAdapter.java:357)
	at org.apache.coyote.http11.Http11Processor.service(Http11Processor.java:382)
	at org.apache.coyote.AbstractProcessorLight.process(AbstractProcessorLight.java:65)
	at org.apache.coyote.AbstractProtocol$ConnectionHandler.process(AbstractProtocol.java:893)
	at org.apache.tomcat.util.net.NioEndpoint$SocketProcessor.doRun(NioEndpoint.java:1726)
	at org.apache.tomcat.util.net.SocketProcessorBase.run(SocketProcessorBase.java:49)
	at org.apache.tomcat.util.threads.ThreadPoolExecutor.runWorker(ThreadPoolExecutor.java:1191)
	at org.apache.tomcat.util.threads.ThreadPoolExecutor$Worker.run(ThreadPoolExecutor.java:659)
	at org.apache.tomcat.util.threads.TaskThread$WrappingRunnable.run(TaskThread.java:61)
	at java.lang.Thread.run(Unknown Source)
2023-02-27 11:20:21,645 INFO com.sm360.listing.Sm360ListingApiApplication [restartedMain] Starting Sm360ListingApiApplication using Java 1.8.0_45 on DESKTOP-CLE051M with PID 23344 (C:\Users\Beaudry Mazengele\Documents\workspace-spring-tool-suite-4-4.7.0.RELEASE\sm360-listing-api\target\classes started by Beaudry Mazengele in C:\Users\Beaudry Mazengele\Documents\workspace-spring-tool-suite-4-4.7.0.RELEASE\sm360-listing-api)
2023-02-27 11:20:21,645 DEBUG com.sm360.listing.Sm360ListingApiApplication [restartedMain] Running with Spring Boot v2.5.4, Spring v5.3.9
2023-02-27 11:20:21,645 INFO com.sm360.listing.Sm360ListingApiApplication [restartedMain] The following profiles are active: prod
2023-02-27 11:20:22,450 INFO com.sm360.listing.Sm360ListingApiApplication [restartedMain] Started Sm360ListingApiApplication in 0.833 seconds (JVM running for 142.89)
2023-02-27 11:21:22,714 INFO com.sm360.listing.Sm360ListingApiApplication [restartedMain] Starting Sm360ListingApiApplication using Java 1.8.0_45 on DESKTOP-CLE051M with PID 23344 (C:\Users\Beaudry Mazengele\Documents\workspace-spring-tool-suite-4-4.7.0.RELEASE\sm360-listing-api\target\classes started by Beaudry Mazengele in C:\Users\Beaudry Mazengele\Documents\workspace-spring-tool-suite-4-4.7.0.RELEASE\sm360-listing-api)
2023-02-27 11:21:22,714 DEBUG com.sm360.listing.Sm360ListingApiApplication [restartedMain] Running with Spring Boot v2.5.4, Spring v5.3.9
2023-02-27 11:21:22,714 INFO com.sm360.listing.Sm360ListingApiApplication [restartedMain] The following profiles are active: prod
2023-02-27 11:21:23,420 INFO com.sm360.listing.Sm360ListingApiApplication [restartedMain] Started Sm360ListingApiApplication in 0.733 seconds (JVM running for 203.86)
2023-02-27 11:21:28,161 INFO com.sm360.listing.Sm360ListingApiApplication [restartedMain] Starting Sm360ListingApiApplication using Java 1.8.0_45 on DESKTOP-CLE051M with PID 25788 (C:\Users\Beaudry Mazengele\Documents\workspace-spring-tool-suite-4-4.7.0.RELEASE\sm360-listing-api\target\classes started by Beaudry Mazengele in C:\Users\Beaudry Mazengele\Documents\workspace-spring-tool-suite-4-4.7.0.RELEASE\sm360-listing-api)
2023-02-27 11:21:28,163 DEBUG com.sm360.listing.Sm360ListingApiApplication [restartedMain] Running with Spring Boot v2.5.4, Spring v5.3.9
2023-02-27 11:21:28,163 INFO com.sm360.listing.Sm360ListingApiApplication [restartedMain] The following profiles are active: prod
2023-02-27 11:21:31,105 INFO com.sm360.listing.Sm360ListingApiApplication [restartedMain] Started Sm360ListingApiApplication in 3.221 seconds (JVM running for 4.038)
2023-02-27 11:21:37,748 ERROR org.apache.catalina.core.ContainerBase.[Tomcat].[localhost].[/api/sm360].[dispatcherServlet] [http-nio-8080-exec-2] Servlet.service() for servlet [dispatcherServlet] in context with path [/api/sm360] threw exception [Request processing failed; nested exception is java.lang.NullPointerException] with root cause
java.lang.NullPointerException: null
	at com.sm360.listing.controllers.ListingController.findById(ListingController.java:61)
	at sun.reflect.NativeMethodAccessorImpl.invoke0(Native Method)
	at sun.reflect.NativeMethodAccessorImpl.invoke(Unknown Source)
	at sun.reflect.DelegatingMethodAccessorImpl.invoke(Unknown Source)
	at java.lang.reflect.Method.invoke(Unknown Source)
	at org.springframework.web.method.support.InvocableHandlerMethod.doInvoke(InvocableHandlerMethod.java:197)
	at org.springframework.web.method.support.InvocableHandlerMethod.invokeForRequest(InvocableHandlerMethod.java:141)
	at org.springframework.web.servlet.mvc.method.annotation.ServletInvocableHandlerMethod.invokeAndHandle(ServletInvocableHandlerMethod.java:106)
	at org.springframework.web.servlet.mvc.method.annotation.RequestMappingHandlerAdapter.invokeHandlerMethod(RequestMappingHandlerAdapter.java:895)
	at org.springframework.web.servlet.mvc.method.annotation.RequestMappingHandlerAdapter.handleInternal(RequestMappingHandlerAdapter.java:808)
	at org.springframework.web.servlet.mvc.method.AbstractHandlerMethodAdapter.handle(AbstractHandlerMethodAdapter.java:87)
	at org.springframework.web.servlet.DispatcherServlet.doDispatch(DispatcherServlet.java:1064)
	at org.springframework.web.servlet.DispatcherServlet.doService(DispatcherServlet.java:963)
	at org.springframework.web.servlet.FrameworkServlet.processRequest(FrameworkServlet.java:1006)
	at org.springframework.web.servlet.FrameworkServlet.doGet(FrameworkServlet.java:898)
	at javax.servlet.http.HttpServlet.service(HttpServlet.java:655)
	at org.springframework.web.servlet.FrameworkServlet.service(FrameworkServlet.java:883)
	at javax.servlet.http.HttpServlet.service(HttpServlet.java:764)
	at org.apache.catalina.core.ApplicationFilterChain.internalDoFilter(ApplicationFilterChain.java:227)
	at org.apache.catalina.core.ApplicationFilterChain.doFilter(ApplicationFilterChain.java:162)
	at org.apache.tomcat.websocket.server.WsFilter.doFilter(WsFilter.java:53)
	at org.apache.catalina.core.ApplicationFilterChain.internalDoFilter(ApplicationFilterChain.java:189)
	at org.apache.catalina.core.ApplicationFilterChain.doFilter(ApplicationFilterChain.java:162)
	at org.springframework.web.filter.RequestContextFilter.doFilterInternal(RequestContextFilter.java:100)
	at org.springframework.web.filter.OncePerRequestFilter.doFilter(OncePerRequestFilter.java:119)
	at org.apache.catalina.core.ApplicationFilterChain.internalDoFilter(ApplicationFilterChain.java:189)
	at org.apache.catalina.core.ApplicationFilterChain.doFilter(ApplicationFilterChain.java:162)
	at org.springframework.web.filter.FormContentFilter.doFilterInternal(FormContentFilter.java:93)
	at org.springframework.web.filter.OncePerRequestFilter.doFilter(OncePerRequestFilter.java:119)
	at org.apache.catalina.core.ApplicationFilterChain.internalDoFilter(ApplicationFilterChain.java:189)
	at org.apache.catalina.core.ApplicationFilterChain.doFilter(ApplicationFilterChain.java:162)
	at org.springframework.web.filter.CharacterEncodingFilter.doFilterInternal(CharacterEncodingFilter.java:201)
	at org.springframework.web.filter.OncePerRequestFilter.doFilter(OncePerRequestFilter.java:119)
	at org.apache.catalina.core.ApplicationFilterChain.internalDoFilter(ApplicationFilterChain.java:189)
	at org.apache.catalina.core.ApplicationFilterChain.doFilter(ApplicationFilterChain.java:162)
	at org.apache.catalina.core.StandardWrapperValve.invoke(StandardWrapperValve.java:197)
	at org.apache.catalina.core.StandardContextValve.invoke(StandardContextValve.java:97)
	at org.apache.catalina.authenticator.AuthenticatorBase.invoke(AuthenticatorBase.java:542)
	at org.apache.catalina.core.StandardHostValve.invoke(StandardHostValve.java:135)
	at org.apache.catalina.valves.ErrorReportValve.invoke(ErrorReportValve.java:92)
	at org.apache.catalina.core.StandardEngineValve.invoke(StandardEngineValve.java:78)
	at org.apache.catalina.connector.CoyoteAdapter.service(CoyoteAdapter.java:357)
	at org.apache.coyote.http11.Http11Processor.service(Http11Processor.java:382)
	at org.apache.coyote.AbstractProcessorLight.process(AbstractProcessorLight.java:65)
	at org.apache.coyote.AbstractProtocol$ConnectionHandler.process(AbstractProtocol.java:893)
	at org.apache.tomcat.util.net.NioEndpoint$SocketProcessor.doRun(NioEndpoint.java:1726)
	at org.apache.tomcat.util.net.SocketProcessorBase.run(SocketProcessorBase.java:49)
	at org.apache.tomcat.util.threads.ThreadPoolExecutor.runWorker(ThreadPoolExecutor.java:1191)
	at org.apache.tomcat.util.threads.ThreadPoolExecutor$Worker.run(ThreadPoolExecutor.java:659)
	at org.apache.tomcat.util.threads.TaskThread$WrappingRunnable.run(TaskThread.java:61)
	at java.lang.Thread.run(Unknown Source)
2023-02-27 11:21:56,481 INFO com.sm360.listing.Sm360ListingApiApplication [restartedMain] Starting Sm360ListingApiApplication using Java 1.8.0_45 on DESKTOP-CLE051M with PID 25788 (C:\Users\Beaudry Mazengele\Documents\workspace-spring-tool-suite-4-4.7.0.RELEASE\sm360-listing-api\target\classes started by Beaudry Mazengele in C:\Users\Beaudry Mazengele\Documents\workspace-spring-tool-suite-4-4.7.0.RELEASE\sm360-listing-api)
2023-02-27 11:21:56,481 DEBUG com.sm360.listing.Sm360ListingApiApplication [restartedMain] Running with Spring Boot v2.5.4, Spring v5.3.9
2023-02-27 11:21:56,481 INFO com.sm360.listing.Sm360ListingApiApplication [restartedMain] The following profiles are active: prod
2023-02-27 11:21:57,225 INFO com.sm360.listing.Sm360ListingApiApplication [restartedMain] Started Sm360ListingApiApplication in 0.772 seconds (JVM running for 30.159)
2023-02-27 11:22:03,224 ERROR org.apache.catalina.core.ContainerBase.[Tomcat].[localhost].[/api/sm360].[dispatcherServlet] [http-nio-8080-exec-2] Servlet.service() for servlet [dispatcherServlet] in context with path [/api/sm360] threw exception [Request processing failed; nested exception is com.sm360.listing.exception.NoDatasFoundException: No Listing not found with the id 700bc5c0-71c0-4bf7-be8c-f3025705b715] with root cause
com.sm360.listing.exception.NoDatasFoundException: No Listing not found with the id 700bc5c0-71c0-4bf7-be8c-f3025705b715
	at com.sm360.listing.controllers.ListingController.findById(ListingController.java:62)
	at sun.reflect.NativeMethodAccessorImpl.invoke0(Native Method)
	at sun.reflect.NativeMethodAccessorImpl.invoke(Unknown Source)
	at sun.reflect.DelegatingMethodAccessorImpl.invoke(Unknown Source)
	at java.lang.reflect.Method.invoke(Unknown Source)
	at org.springframework.web.method.support.InvocableHandlerMethod.doInvoke(InvocableHandlerMethod.java:197)
	at org.springframework.web.method.support.InvocableHandlerMethod.invokeForRequest(InvocableHandlerMethod.java:141)
	at org.springframework.web.servlet.mvc.method.annotation.ServletInvocableHandlerMethod.invokeAndHandle(ServletInvocableHandlerMethod.java:106)
	at org.springframework.web.servlet.mvc.method.annotation.RequestMappingHandlerAdapter.invokeHandlerMethod(RequestMappingHandlerAdapter.java:895)
	at org.springframework.web.servlet.mvc.method.annotation.RequestMappingHandlerAdapter.handleInternal(RequestMappingHandlerAdapter.java:808)
	at org.springframework.web.servlet.mvc.method.AbstractHandlerMethodAdapter.handle(AbstractHandlerMethodAdapter.java:87)
	at org.springframework.web.servlet.DispatcherServlet.doDispatch(DispatcherServlet.java:1064)
	at org.springframework.web.servlet.DispatcherServlet.doService(DispatcherServlet.java:963)
	at org.springframework.web.servlet.FrameworkServlet.processRequest(FrameworkServlet.java:1006)
	at org.springframework.web.servlet.FrameworkServlet.doGet(FrameworkServlet.java:898)
	at javax.servlet.http.HttpServlet.service(HttpServlet.java:655)
	at org.springframework.web.servlet.FrameworkServlet.service(FrameworkServlet.java:883)
	at javax.servlet.http.HttpServlet.service(HttpServlet.java:764)
	at org.apache.catalina.core.ApplicationFilterChain.internalDoFilter(ApplicationFilterChain.java:227)
	at org.apache.catalina.core.ApplicationFilterChain.doFilter(ApplicationFilterChain.java:162)
	at org.apache.tomcat.websocket.server.WsFilter.doFilter(WsFilter.java:53)
	at org.apache.catalina.core.ApplicationFilterChain.internalDoFilter(ApplicationFilterChain.java:189)
	at org.apache.catalina.core.ApplicationFilterChain.doFilter(ApplicationFilterChain.java:162)
	at org.springframework.web.filter.RequestContextFilter.doFilterInternal(RequestContextFilter.java:100)
	at org.springframework.web.filter.OncePerRequestFilter.doFilter(OncePerRequestFilter.java:119)
	at org.apache.catalina.core.ApplicationFilterChain.internalDoFilter(ApplicationFilterChain.java:189)
	at org.apache.catalina.core.ApplicationFilterChain.doFilter(ApplicationFilterChain.java:162)
	at org.springframework.web.filter.FormContentFilter.doFilterInternal(FormContentFilter.java:93)
	at org.springframework.web.filter.OncePerRequestFilter.doFilter(OncePerRequestFilter.java:119)
	at org.apache.catalina.core.ApplicationFilterChain.internalDoFilter(ApplicationFilterChain.java:189)
	at org.apache.catalina.core.ApplicationFilterChain.doFilter(ApplicationFilterChain.java:162)
	at org.springframework.web.filter.CharacterEncodingFilter.doFilterInternal(CharacterEncodingFilter.java:201)
	at org.springframework.web.filter.OncePerRequestFilter.doFilter(OncePerRequestFilter.java:119)
	at org.apache.catalina.core.ApplicationFilterChain.internalDoFilter(ApplicationFilterChain.java:189)
	at org.apache.catalina.core.ApplicationFilterChain.doFilter(ApplicationFilterChain.java:162)
	at org.apache.catalina.core.StandardWrapperValve.invoke(StandardWrapperValve.java:197)
	at org.apache.catalina.core.StandardContextValve.invoke(StandardContextValve.java:97)
	at org.apache.catalina.authenticator.AuthenticatorBase.invoke(AuthenticatorBase.java:542)
	at org.apache.catalina.core.StandardHostValve.invoke(StandardHostValve.java:135)
	at org.apache.catalina.valves.ErrorReportValve.invoke(ErrorReportValve.java:92)
	at org.apache.catalina.core.StandardEngineValve.invoke(StandardEngineValve.java:78)
	at org.apache.catalina.connector.CoyoteAdapter.service(CoyoteAdapter.java:357)
	at org.apache.coyote.http11.Http11Processor.service(Http11Processor.java:382)
	at org.apache.coyote.AbstractProcessorLight.process(AbstractProcessorLight.java:65)
	at org.apache.coyote.AbstractProtocol$ConnectionHandler.process(AbstractProtocol.java:893)
	at org.apache.tomcat.util.net.NioEndpoint$SocketProcessor.doRun(NioEndpoint.java:1726)
	at org.apache.tomcat.util.net.SocketProcessorBase.run(SocketProcessorBase.java:49)
	at org.apache.tomcat.util.threads.ThreadPoolExecutor.runWorker(ThreadPoolExecutor.java:1191)
	at org.apache.tomcat.util.threads.ThreadPoolExecutor$Worker.run(ThreadPoolExecutor.java:659)
	at org.apache.tomcat.util.threads.TaskThread$WrappingRunnable.run(TaskThread.java:61)
	at java.lang.Thread.run(Unknown Source)
2023-02-27 11:22:16,412 INFO com.sm360.listing.Sm360ListingApiApplication [restartedMain] Starting Sm360ListingApiApplication using Java 1.8.0_45 on DESKTOP-CLE051M with PID 25788 (C:\Users\Beaudry Mazengele\Documents\workspace-spring-tool-suite-4-4.7.0.RELEASE\sm360-listing-api\target\classes started by Beaudry Mazengele in C:\Users\Beaudry Mazengele\Documents\workspace-spring-tool-suite-4-4.7.0.RELEASE\sm360-listing-api)
2023-02-27 11:22:16,412 DEBUG com.sm360.listing.Sm360ListingApiApplication [restartedMain] Running with Spring Boot v2.5.4, Spring v5.3.9
2023-02-27 11:22:16,412 INFO com.sm360.listing.Sm360ListingApiApplication [restartedMain] The following profiles are active: prod
2023-02-27 11:22:17,127 INFO com.sm360.listing.Sm360ListingApiApplication [restartedMain] Started Sm360ListingApiApplication in 0.743 seconds (JVM running for 50.06)
2023-02-27 11:25:05,619 INFO com.sm360.listing.Sm360ListingApiApplication [restartedMain] Starting Sm360ListingApiApplication using Java 1.8.0_45 on DESKTOP-CLE051M with PID 25788 (C:\Users\Beaudry Mazengele\Documents\workspace-spring-tool-suite-4-4.7.0.RELEASE\sm360-listing-api\target\classes started by Beaudry Mazengele in C:\Users\Beaudry Mazengele\Documents\workspace-spring-tool-suite-4-4.7.0.RELEASE\sm360-listing-api)
2023-02-27 11:25:05,619 DEBUG com.sm360.listing.Sm360ListingApiApplication [restartedMain] Running with Spring Boot v2.5.4, Spring v5.3.9
2023-02-27 11:25:05,619 INFO com.sm360.listing.Sm360ListingApiApplication [restartedMain] The following profiles are active: prod
2023-02-27 11:25:06,333 INFO com.sm360.listing.Sm360ListingApiApplication [restartedMain] Started Sm360ListingApiApplication in 0.742 seconds (JVM running for 219.267)
2023-02-27 11:25:13,829 INFO com.sm360.listing.Sm360ListingApiApplication [restartedMain] Starting Sm360ListingApiApplication using Java 1.8.0_45 on DESKTOP-CLE051M with PID 8080 (C:\Users\Beaudry Mazengele\Documents\workspace-spring-tool-suite-4-4.7.0.RELEASE\sm360-listing-api\target\classes started by Beaudry Mazengele in C:\Users\Beaudry Mazengele\Documents\workspace-spring-tool-suite-4-4.7.0.RELEASE\sm360-listing-api)
2023-02-27 11:25:13,831 DEBUG com.sm360.listing.Sm360ListingApiApplication [restartedMain] Running with Spring Boot v2.5.4, Spring v5.3.9
2023-02-27 11:25:13,831 INFO com.sm360.listing.Sm360ListingApiApplication [restartedMain] The following profiles are active: prod
2023-02-27 11:25:17,414 INFO com.sm360.listing.Sm360ListingApiApplication [restartedMain] Started Sm360ListingApiApplication in 3.934 seconds (JVM running for 5.068)
2023-02-27 11:25:21,628 ERROR org.apache.catalina.core.ContainerBase.[Tomcat].[localhost].[/api/sm360].[dispatcherServlet] [http-nio-8080-exec-1] Servlet.service() for servlet [dispatcherServlet] in context with path [/api/sm360] threw exception [Request processing failed; nested exception is com.sm360.listing.exception.NoDatasFoundException: No Listing found with the id 700bc5c0-71c0-4bf7-be8c-f3025705b715] with root cause
com.sm360.listing.exception.NoDatasFoundException: No Listing found with the id 700bc5c0-71c0-4bf7-be8c-f3025705b715
	at com.sm360.listing.controllers.ListingController.findById(ListingController.java:64)
	at sun.reflect.NativeMethodAccessorImpl.invoke0(Native Method)
	at sun.reflect.NativeMethodAccessorImpl.invoke(Unknown Source)
	at sun.reflect.DelegatingMethodAccessorImpl.invoke(Unknown Source)
	at java.lang.reflect.Method.invoke(Unknown Source)
	at org.springframework.web.method.support.InvocableHandlerMethod.doInvoke(InvocableHandlerMethod.java:197)
	at org.springframework.web.method.support.InvocableHandlerMethod.invokeForRequest(InvocableHandlerMethod.java:141)
	at org.springframework.web.servlet.mvc.method.annotation.ServletInvocableHandlerMethod.invokeAndHandle(ServletInvocableHandlerMethod.java:106)
	at org.springframework.web.servlet.mvc.method.annotation.RequestMappingHandlerAdapter.invokeHandlerMethod(RequestMappingHandlerAdapter.java:895)
	at org.springframework.web.servlet.mvc.method.annotation.RequestMappingHandlerAdapter.handleInternal(RequestMappingHandlerAdapter.java:808)
	at org.springframework.web.servlet.mvc.method.AbstractHandlerMethodAdapter.handle(AbstractHandlerMethodAdapter.java:87)
	at org.springframework.web.servlet.DispatcherServlet.doDispatch(DispatcherServlet.java:1064)
	at org.springframework.web.servlet.DispatcherServlet.doService(DispatcherServlet.java:963)
	at org.springframework.web.servlet.FrameworkServlet.processRequest(FrameworkServlet.java:1006)
	at org.springframework.web.servlet.FrameworkServlet.doGet(FrameworkServlet.java:898)
	at javax.servlet.http.HttpServlet.service(HttpServlet.java:655)
	at org.springframework.web.servlet.FrameworkServlet.service(FrameworkServlet.java:883)
	at javax.servlet.http.HttpServlet.service(HttpServlet.java:764)
	at org.apache.catalina.core.ApplicationFilterChain.internalDoFilter(ApplicationFilterChain.java:227)
	at org.apache.catalina.core.ApplicationFilterChain.doFilter(ApplicationFilterChain.java:162)
	at org.apache.tomcat.websocket.server.WsFilter.doFilter(WsFilter.java:53)
	at org.apache.catalina.core.ApplicationFilterChain.internalDoFilter(ApplicationFilterChain.java:189)
	at org.apache.catalina.core.ApplicationFilterChain.doFilter(ApplicationFilterChain.java:162)
	at org.springframework.web.filter.RequestContextFilter.doFilterInternal(RequestContextFilter.java:100)
	at org.springframework.web.filter.OncePerRequestFilter.doFilter(OncePerRequestFilter.java:119)
	at org.apache.catalina.core.ApplicationFilterChain.internalDoFilter(ApplicationFilterChain.java:189)
	at org.apache.catalina.core.ApplicationFilterChain.doFilter(ApplicationFilterChain.java:162)
	at org.springframework.web.filter.FormContentFilter.doFilterInternal(FormContentFilter.java:93)
	at org.springframework.web.filter.OncePerRequestFilter.doFilter(OncePerRequestFilter.java:119)
	at org.apache.catalina.core.ApplicationFilterChain.internalDoFilter(ApplicationFilterChain.java:189)
	at org.apache.catalina.core.ApplicationFilterChain.doFilter(ApplicationFilterChain.java:162)
	at org.springframework.web.filter.CharacterEncodingFilter.doFilterInternal(CharacterEncodingFilter.java:201)
	at org.springframework.web.filter.OncePerRequestFilter.doFilter(OncePerRequestFilter.java:119)
	at org.apache.catalina.core.ApplicationFilterChain.internalDoFilter(ApplicationFilterChain.java:189)
	at org.apache.catalina.core.ApplicationFilterChain.doFilter(ApplicationFilterChain.java:162)
	at org.apache.catalina.core.StandardWrapperValve.invoke(StandardWrapperValve.java:197)
	at org.apache.catalina.core.StandardContextValve.invoke(StandardContextValve.java:97)
	at org.apache.catalina.authenticator.AuthenticatorBase.invoke(AuthenticatorBase.java:542)
	at org.apache.catalina.core.StandardHostValve.invoke(StandardHostValve.java:135)
	at org.apache.catalina.valves.ErrorReportValve.invoke(ErrorReportValve.java:92)
	at org.apache.catalina.core.StandardEngineValve.invoke(StandardEngineValve.java:78)
	at org.apache.catalina.connector.CoyoteAdapter.service(CoyoteAdapter.java:357)
	at org.apache.coyote.http11.Http11Processor.service(Http11Processor.java:382)
	at org.apache.coyote.AbstractProcessorLight.process(AbstractProcessorLight.java:65)
	at org.apache.coyote.AbstractProtocol$ConnectionHandler.process(AbstractProtocol.java:893)
	at org.apache.tomcat.util.net.NioEndpoint$SocketProcessor.doRun(NioEndpoint.java:1726)
	at org.apache.tomcat.util.net.SocketProcessorBase.run(SocketProcessorBase.java:49)
	at org.apache.tomcat.util.threads.ThreadPoolExecutor.runWorker(ThreadPoolExecutor.java:1191)
	at org.apache.tomcat.util.threads.ThreadPoolExecutor$Worker.run(ThreadPoolExecutor.java:659)
	at org.apache.tomcat.util.threads.TaskThread$WrappingRunnable.run(TaskThread.java:61)
	at java.lang.Thread.run(Unknown Source)
2023-02-27 11:27:30,203 INFO com.sm360.listing.Sm360ListingApiApplication [restartedMain] Starting Sm360ListingApiApplication using Java 1.8.0_45 on DESKTOP-CLE051M with PID 8080 (C:\Users\Beaudry Mazengele\Documents\workspace-spring-tool-suite-4-4.7.0.RELEASE\sm360-listing-api\target\classes started by Beaudry Mazengele in C:\Users\Beaudry Mazengele\Documents\workspace-spring-tool-suite-4-4.7.0.RELEASE\sm360-listing-api)
2023-02-27 11:27:30,203 DEBUG com.sm360.listing.Sm360ListingApiApplication [restartedMain] Running with Spring Boot v2.5.4, Spring v5.3.9
2023-02-27 11:27:30,203 INFO com.sm360.listing.Sm360ListingApiApplication [restartedMain] The following profiles are active: prod
2023-02-27 11:27:30,948 INFO com.sm360.listing.Sm360ListingApiApplication [restartedMain] Started Sm360ListingApiApplication in 0.779 seconds (JVM running for 138.601)
2023-02-27 11:28:16,956 INFO com.sm360.listing.Sm360ListingApiApplication [restartedMain] Starting Sm360ListingApiApplication using Java 1.8.0_45 on DESKTOP-CLE051M with PID 8080 (C:\Users\Beaudry Mazengele\Documents\workspace-spring-tool-suite-4-4.7.0.RELEASE\sm360-listing-api\target\classes started by Beaudry Mazengele in C:\Users\Beaudry Mazengele\Documents\workspace-spring-tool-suite-4-4.7.0.RELEASE\sm360-listing-api)
2023-02-27 11:28:16,956 DEBUG com.sm360.listing.Sm360ListingApiApplication [restartedMain] Running with Spring Boot v2.5.4, Spring v5.3.9
2023-02-27 11:28:16,956 INFO com.sm360.listing.Sm360ListingApiApplication [restartedMain] The following profiles are active: prod
2023-02-27 11:28:17,659 INFO com.sm360.listing.Sm360ListingApiApplication [restartedMain] Started Sm360ListingApiApplication in 0.73 seconds (JVM running for 185.312)
2023-02-27 11:31:03,441 INFO com.sm360.listing.Sm360ListingApiApplication [restartedMain] Starting Sm360ListingApiApplication using Java 1.8.0_45 on DESKTOP-CLE051M with PID 8080 (C:\Users\Beaudry Mazengele\Documents\workspace-spring-tool-suite-4-4.7.0.RELEASE\sm360-listing-api\target\classes started by Beaudry Mazengele in C:\Users\Beaudry Mazengele\Documents\workspace-spring-tool-suite-4-4.7.0.RELEASE\sm360-listing-api)
2023-02-27 11:31:03,441 DEBUG com.sm360.listing.Sm360ListingApiApplication [restartedMain] Running with Spring Boot v2.5.4, Spring v5.3.9
2023-02-27 11:31:03,441 INFO com.sm360.listing.Sm360ListingApiApplication [restartedMain] The following profiles are active: prod
2023-02-27 11:31:04,101 INFO com.sm360.listing.Sm360ListingApiApplication [restartedMain] Started Sm360ListingApiApplication in 0.686 seconds (JVM running for 351.755)
2023-02-27 11:31:45,077 INFO com.sm360.listing.Sm360ListingApiApplication [restartedMain] Starting Sm360ListingApiApplication using Java 1.8.0_45 on DESKTOP-CLE051M with PID 8080 (C:\Users\Beaudry Mazengele\Documents\workspace-spring-tool-suite-4-4.7.0.RELEASE\sm360-listing-api\target\classes started by Beaudry Mazengele in C:\Users\Beaudry Mazengele\Documents\workspace-spring-tool-suite-4-4.7.0.RELEASE\sm360-listing-api)
2023-02-27 11:31:45,077 DEBUG com.sm360.listing.Sm360ListingApiApplication [restartedMain] Running with Spring Boot v2.5.4, Spring v5.3.9
2023-02-27 11:31:45,077 INFO com.sm360.listing.Sm360ListingApiApplication [restartedMain] The following profiles are active: prod
2023-02-27 11:31:45,756 INFO com.sm360.listing.Sm360ListingApiApplication [restartedMain] Started Sm360ListingApiApplication in 0.702 seconds (JVM running for 393.408)
2023-02-27 11:31:57,812 INFO com.sm360.listing.Sm360ListingApiApplication [restartedMain] Starting Sm360ListingApiApplication using Java 1.8.0_45 on DESKTOP-CLE051M with PID 8080 (C:\Users\Beaudry Mazengele\Documents\workspace-spring-tool-suite-4-4.7.0.RELEASE\sm360-listing-api\target\classes started by Beaudry Mazengele in C:\Users\Beaudry Mazengele\Documents\workspace-spring-tool-suite-4-4.7.0.RELEASE\sm360-listing-api)
2023-02-27 11:31:57,813 DEBUG com.sm360.listing.Sm360ListingApiApplication [restartedMain] Running with Spring Boot v2.5.4, Spring v5.3.9
2023-02-27 11:31:57,813 INFO com.sm360.listing.Sm360ListingApiApplication [restartedMain] The following profiles are active: prod
2023-02-27 11:31:58,423 INFO com.sm360.listing.Sm360ListingApiApplication [restartedMain] Started Sm360ListingApiApplication in 0.638 seconds (JVM running for 406.076)
2023-02-27 11:32:56,514 INFO com.sm360.listing.Sm360ListingApiApplication [restartedMain] Starting Sm360ListingApiApplication using Java 1.8.0_45 on DESKTOP-CLE051M with PID 8080 (C:\Users\Beaudry Mazengele\Documents\workspace-spring-tool-suite-4-4.7.0.RELEASE\sm360-listing-api\target\classes started by Beaudry Mazengele in C:\Users\Beaudry Mazengele\Documents\workspace-spring-tool-suite-4-4.7.0.RELEASE\sm360-listing-api)
2023-02-27 11:32:56,514 DEBUG com.sm360.listing.Sm360ListingApiApplication [restartedMain] Running with Spring Boot v2.5.4, Spring v5.3.9
2023-02-27 11:32:56,514 INFO com.sm360.listing.Sm360ListingApiApplication [restartedMain] The following profiles are active: prod
2023-02-27 11:32:57,141 INFO com.sm360.listing.Sm360ListingApiApplication [restartedMain] Started Sm360ListingApiApplication in 0.651 seconds (JVM running for 464.795)
2023-02-27 11:33:07,167 INFO com.sm360.listing.Sm360ListingApiApplication [restartedMain] Starting Sm360ListingApiApplication using Java 1.8.0_45 on DESKTOP-CLE051M with PID 8080 (C:\Users\Beaudry Mazengele\Documents\workspace-spring-tool-suite-4-4.7.0.RELEASE\sm360-listing-api\target\classes started by Beaudry Mazengele in C:\Users\Beaudry Mazengele\Documents\workspace-spring-tool-suite-4-4.7.0.RELEASE\sm360-listing-api)
2023-02-27 11:33:07,168 DEBUG com.sm360.listing.Sm360ListingApiApplication [restartedMain] Running with Spring Boot v2.5.4, Spring v5.3.9
2023-02-27 11:33:07,168 INFO com.sm360.listing.Sm360ListingApiApplication [restartedMain] The following profiles are active: prod
2023-02-27 11:33:07,808 INFO com.sm360.listing.Sm360ListingApiApplication [restartedMain] Started Sm360ListingApiApplication in 0.662 seconds (JVM running for 475.46)
2023-02-27 11:33:12,405 INFO com.sm360.listing.Sm360ListingApiApplication [restartedMain] Starting Sm360ListingApiApplication using Java 1.8.0_45 on DESKTOP-CLE051M with PID 16080 (C:\Users\Beaudry Mazengele\Documents\workspace-spring-tool-suite-4-4.7.0.RELEASE\sm360-listing-api\target\classes started by Beaudry Mazengele in C:\Users\Beaudry Mazengele\Documents\workspace-spring-tool-suite-4-4.7.0.RELEASE\sm360-listing-api)
2023-02-27 11:33:12,406 DEBUG com.sm360.listing.Sm360ListingApiApplication [restartedMain] Running with Spring Boot v2.5.4, Spring v5.3.9
2023-02-27 11:33:12,406 INFO com.sm360.listing.Sm360ListingApiApplication [restartedMain] The following profiles are active: prod
2023-02-27 11:33:15,332 INFO com.sm360.listing.Sm360ListingApiApplication [restartedMain] Started Sm360ListingApiApplication in 3.211 seconds (JVM running for 4.068)
2023-02-27 11:33:33,500 INFO com.sm360.listing.Sm360ListingApiApplication [restartedMain] Starting Sm360ListingApiApplication using Java 1.8.0_45 on DESKTOP-CLE051M with PID 16080 (C:\Users\Beaudry Mazengele\Documents\workspace-spring-tool-suite-4-4.7.0.RELEASE\sm360-listing-api\target\classes started by Beaudry Mazengele in C:\Users\Beaudry Mazengele\Documents\workspace-spring-tool-suite-4-4.7.0.RELEASE\sm360-listing-api)
2023-02-27 11:33:33,500 DEBUG com.sm360.listing.Sm360ListingApiApplication [restartedMain] Running with Spring Boot v2.5.4, Spring v5.3.9
2023-02-27 11:33:33,500 INFO com.sm360.listing.Sm360ListingApiApplication [restartedMain] The following profiles are active: prod
2023-02-27 11:33:34,265 INFO com.sm360.listing.Sm360ListingApiApplication [restartedMain] Started Sm360ListingApiApplication in 0.803 seconds (JVM running for 23.001)
2023-02-27 11:33:39,508 ERROR org.apache.catalina.core.ContainerBase.[Tomcat].[localhost].[/api/sm360].[dispatcherServlet] [http-nio-8080-exec-2] Servlet.service() for servlet [dispatcherServlet] in context with path [/api/sm360] threw exception [Request processing failed; nested exception is com.sm360.listing.exception.NoDatasFoundException: No Listing found with the id ] with root cause
com.sm360.listing.exception.NoDatasFoundException: No Listing found with the id 
	at com.sm360.listing.controllers.ListingController.findById(ListingController.java:65)
	at sun.reflect.NativeMethodAccessorImpl.invoke0(Native Method)
	at sun.reflect.NativeMethodAccessorImpl.invoke(Unknown Source)
	at sun.reflect.DelegatingMethodAccessorImpl.invoke(Unknown Source)
	at java.lang.reflect.Method.invoke(Unknown Source)
	at org.springframework.web.method.support.InvocableHandlerMethod.doInvoke(InvocableHandlerMethod.java:197)
	at org.springframework.web.method.support.InvocableHandlerMethod.invokeForRequest(InvocableHandlerMethod.java:141)
	at org.springframework.web.servlet.mvc.method.annotation.ServletInvocableHandlerMethod.invokeAndHandle(ServletInvocableHandlerMethod.java:106)
	at org.springframework.web.servlet.mvc.method.annotation.RequestMappingHandlerAdapter.invokeHandlerMethod(RequestMappingHandlerAdapter.java:895)
	at org.springframework.web.servlet.mvc.method.annotation.RequestMappingHandlerAdapter.handleInternal(RequestMappingHandlerAdapter.java:808)
	at org.springframework.web.servlet.mvc.method.AbstractHandlerMethodAdapter.handle(AbstractHandlerMethodAdapter.java:87)
	at org.springframework.web.servlet.DispatcherServlet.doDispatch(DispatcherServlet.java:1064)
	at org.springframework.web.servlet.DispatcherServlet.doService(DispatcherServlet.java:963)
	at org.springframework.web.servlet.FrameworkServlet.processRequest(FrameworkServlet.java:1006)
	at org.springframework.web.servlet.FrameworkServlet.doGet(FrameworkServlet.java:898)
	at javax.servlet.http.HttpServlet.service(HttpServlet.java:655)
	at org.springframework.web.servlet.FrameworkServlet.service(FrameworkServlet.java:883)
	at javax.servlet.http.HttpServlet.service(HttpServlet.java:764)
	at org.apache.catalina.core.ApplicationFilterChain.internalDoFilter(ApplicationFilterChain.java:227)
	at org.apache.catalina.core.ApplicationFilterChain.doFilter(ApplicationFilterChain.java:162)
	at org.apache.tomcat.websocket.server.WsFilter.doFilter(WsFilter.java:53)
	at org.apache.catalina.core.ApplicationFilterChain.internalDoFilter(ApplicationFilterChain.java:189)
	at org.apache.catalina.core.ApplicationFilterChain.doFilter(ApplicationFilterChain.java:162)
	at org.springframework.web.filter.RequestContextFilter.doFilterInternal(RequestContextFilter.java:100)
	at org.springframework.web.filter.OncePerRequestFilter.doFilter(OncePerRequestFilter.java:119)
	at org.apache.catalina.core.ApplicationFilterChain.internalDoFilter(ApplicationFilterChain.java:189)
	at org.apache.catalina.core.ApplicationFilterChain.doFilter(ApplicationFilterChain.java:162)
	at org.springframework.web.filter.FormContentFilter.doFilterInternal(FormContentFilter.java:93)
	at org.springframework.web.filter.OncePerRequestFilter.doFilter(OncePerRequestFilter.java:119)
	at org.apache.catalina.core.ApplicationFilterChain.internalDoFilter(ApplicationFilterChain.java:189)
	at org.apache.catalina.core.ApplicationFilterChain.doFilter(ApplicationFilterChain.java:162)
	at org.springframework.web.filter.CharacterEncodingFilter.doFilterInternal(CharacterEncodingFilter.java:201)
	at org.springframework.web.filter.OncePerRequestFilter.doFilter(OncePerRequestFilter.java:119)
	at org.apache.catalina.core.ApplicationFilterChain.internalDoFilter(ApplicationFilterChain.java:189)
	at org.apache.catalina.core.ApplicationFilterChain.doFilter(ApplicationFilterChain.java:162)
	at org.apache.catalina.core.StandardWrapperValve.invoke(StandardWrapperValve.java:197)
	at org.apache.catalina.core.StandardContextValve.invoke(StandardContextValve.java:97)
	at org.apache.catalina.authenticator.AuthenticatorBase.invoke(AuthenticatorBase.java:542)
	at org.apache.catalina.core.StandardHostValve.invoke(StandardHostValve.java:135)
	at org.apache.catalina.valves.ErrorReportValve.invoke(ErrorReportValve.java:92)
	at org.apache.catalina.core.StandardEngineValve.invoke(StandardEngineValve.java:78)
	at org.apache.catalina.connector.CoyoteAdapter.service(CoyoteAdapter.java:357)
	at org.apache.coyote.http11.Http11Processor.service(Http11Processor.java:382)
	at org.apache.coyote.AbstractProcessorLight.process(AbstractProcessorLight.java:65)
	at org.apache.coyote.AbstractProtocol$ConnectionHandler.process(AbstractProtocol.java:893)
	at org.apache.tomcat.util.net.NioEndpoint$SocketProcessor.doRun(NioEndpoint.java:1726)
	at org.apache.tomcat.util.net.SocketProcessorBase.run(SocketProcessorBase.java:49)
	at org.apache.tomcat.util.threads.ThreadPoolExecutor.runWorker(ThreadPoolExecutor.java:1191)
	at org.apache.tomcat.util.threads.ThreadPoolExecutor$Worker.run(ThreadPoolExecutor.java:659)
	at org.apache.tomcat.util.threads.TaskThread$WrappingRunnable.run(TaskThread.java:61)
	at java.lang.Thread.run(Unknown Source)
2023-02-27 11:34:40,410 INFO com.sm360.listing.Sm360ListingApiApplication [restartedMain] Starting Sm360ListingApiApplication using Java 1.8.0_45 on DESKTOP-CLE051M with PID 16080 (C:\Users\Beaudry Mazengele\Documents\workspace-spring-tool-suite-4-4.7.0.RELEASE\sm360-listing-api\target\classes started by Beaudry Mazengele in C:\Users\Beaudry Mazengele\Documents\workspace-spring-tool-suite-4-4.7.0.RELEASE\sm360-listing-api)
2023-02-27 11:34:40,410 DEBUG com.sm360.listing.Sm360ListingApiApplication [restartedMain] Running with Spring Boot v2.5.4, Spring v5.3.9
2023-02-27 11:34:40,410 INFO com.sm360.listing.Sm360ListingApiApplication [restartedMain] The following profiles are active: prod
2023-02-27 11:34:41,106 INFO com.sm360.listing.Sm360ListingApiApplication [restartedMain] Started Sm360ListingApiApplication in 0.718 seconds (JVM running for 89.841)
2023-02-27 11:34:55,218 INFO com.sm360.listing.Sm360ListingApiApplication [restartedMain] Starting Sm360ListingApiApplication using Java 1.8.0_45 on DESKTOP-CLE051M with PID 16080 (C:\Users\Beaudry Mazengele\Documents\workspace-spring-tool-suite-4-4.7.0.RELEASE\sm360-listing-api\target\classes started by Beaudry Mazengele in C:\Users\Beaudry Mazengele\Documents\workspace-spring-tool-suite-4-4.7.0.RELEASE\sm360-listing-api)
2023-02-27 11:34:55,218 DEBUG com.sm360.listing.Sm360ListingApiApplication [restartedMain] Running with Spring Boot v2.5.4, Spring v5.3.9
2023-02-27 11:34:55,218 INFO com.sm360.listing.Sm360ListingApiApplication [restartedMain] The following profiles are active: prod
2023-02-27 11:34:55,858 INFO com.sm360.listing.Sm360ListingApiApplication [restartedMain] Started Sm360ListingApiApplication in 0.668 seconds (JVM running for 104.593)
2023-02-27 11:36:08,269 INFO com.sm360.listing.Sm360ListingApiApplication [restartedMain] Starting Sm360ListingApiApplication using Java 1.8.0_45 on DESKTOP-CLE051M with PID 16080 (C:\Users\Beaudry Mazengele\Documents\workspace-spring-tool-suite-4-4.7.0.RELEASE\sm360-listing-api\target\classes started by Beaudry Mazengele in C:\Users\Beaudry Mazengele\Documents\workspace-spring-tool-suite-4-4.7.0.RELEASE\sm360-listing-api)
2023-02-27 11:36:08,270 DEBUG com.sm360.listing.Sm360ListingApiApplication [restartedMain] Running with Spring Boot v2.5.4, Spring v5.3.9
2023-02-27 11:36:08,270 INFO com.sm360.listing.Sm360ListingApiApplication [restartedMain] The following profiles are active: prod
2023-02-27 11:36:08,958 INFO com.sm360.listing.Sm360ListingApiApplication [restartedMain] Started Sm360ListingApiApplication in 0.715 seconds (JVM running for 177.694)
2023-02-27 11:40:43,641 INFO com.sm360.listing.Sm360ListingApiApplication [restartedMain] Starting Sm360ListingApiApplication using Java 1.8.0_45 on DESKTOP-CLE051M with PID 16080 (C:\Users\Beaudry Mazengele\Documents\workspace-spring-tool-suite-4-4.7.0.RELEASE\sm360-listing-api\target\classes started by Beaudry Mazengele in C:\Users\Beaudry Mazengele\Documents\workspace-spring-tool-suite-4-4.7.0.RELEASE\sm360-listing-api)
2023-02-27 11:40:43,641 DEBUG com.sm360.listing.Sm360ListingApiApplication [restartedMain] Running with Spring Boot v2.5.4, Spring v5.3.9
2023-02-27 11:40:43,641 INFO com.sm360.listing.Sm360ListingApiApplication [restartedMain] The following profiles are active: prod
2023-02-27 11:40:44,261 INFO com.sm360.listing.Sm360ListingApiApplication [restartedMain] Started Sm360ListingApiApplication in 0.644 seconds (JVM running for 452.996)
2023-02-27 11:41:04,527 INFO com.sm360.listing.Sm360ListingApiApplication [restartedMain] Starting Sm360ListingApiApplication using Java 1.8.0_45 on DESKTOP-CLE051M with PID 16080 (C:\Users\Beaudry Mazengele\Documents\workspace-spring-tool-suite-4-4.7.0.RELEASE\sm360-listing-api\target\classes started by Beaudry Mazengele in C:\Users\Beaudry Mazengele\Documents\workspace-spring-tool-suite-4-4.7.0.RELEASE\sm360-listing-api)
2023-02-27 11:41:04,527 DEBUG com.sm360.listing.Sm360ListingApiApplication [restartedMain] Running with Spring Boot v2.5.4, Spring v5.3.9
2023-02-27 11:41:04,527 INFO com.sm360.listing.Sm360ListingApiApplication [restartedMain] The following profiles are active: prod
2023-02-27 11:41:05,118 INFO com.sm360.listing.Sm360ListingApiApplication [restartedMain] Started Sm360ListingApiApplication in 0.613 seconds (JVM running for 473.853)
2023-02-27 11:41:10,078 INFO com.sm360.listing.Sm360ListingApiApplication [restartedMain] Starting Sm360ListingApiApplication using Java 1.8.0_45 on DESKTOP-CLE051M with PID 16080 (C:\Users\Beaudry Mazengele\Documents\workspace-spring-tool-suite-4-4.7.0.RELEASE\sm360-listing-api\target\classes started by Beaudry Mazengele in C:\Users\Beaudry Mazengele\Documents\workspace-spring-tool-suite-4-4.7.0.RELEASE\sm360-listing-api)
2023-02-27 11:41:10,078 DEBUG com.sm360.listing.Sm360ListingApiApplication [restartedMain] Running with Spring Boot v2.5.4, Spring v5.3.9
2023-02-27 11:41:10,078 INFO com.sm360.listing.Sm360ListingApiApplication [restartedMain] The following profiles are active: prod
2023-02-27 11:41:10,682 INFO com.sm360.listing.Sm360ListingApiApplication [restartedMain] Started Sm360ListingApiApplication in 0.629 seconds (JVM running for 479.418)
2023-02-27 11:53:03,434 INFO com.sm360.listing.Sm360ListingApiApplication [restartedMain] Starting Sm360ListingApiApplication using Java 1.8.0_45 on DESKTOP-CLE051M with PID 16080 (C:\Users\Beaudry Mazengele\Documents\workspace-spring-tool-suite-4-4.7.0.RELEASE\sm360-listing-api\target\classes started by Beaudry Mazengele in C:\Users\Beaudry Mazengele\Documents\workspace-spring-tool-suite-4-4.7.0.RELEASE\sm360-listing-api)
2023-02-27 11:53:03,434 DEBUG com.sm360.listing.Sm360ListingApiApplication [restartedMain] Running with Spring Boot v2.5.4, Spring v5.3.9
2023-02-27 11:53:03,434 INFO com.sm360.listing.Sm360ListingApiApplication [restartedMain] The following profiles are active: prod
2023-02-27 11:53:04,062 INFO com.sm360.listing.Sm360ListingApiApplication [restartedMain] Started Sm360ListingApiApplication in 0.658 seconds (JVM running for 1192.797)
2023-02-27 11:53:07,961 INFO com.sm360.listing.Sm360ListingApiApplication [restartedMain] Starting Sm360ListingApiApplication using Java 1.8.0_45 on DESKTOP-CLE051M with PID 16080 (C:\Users\Beaudry Mazengele\Documents\workspace-spring-tool-suite-4-4.7.0.RELEASE\sm360-listing-api\target\classes started by Beaudry Mazengele in C:\Users\Beaudry Mazengele\Documents\workspace-spring-tool-suite-4-4.7.0.RELEASE\sm360-listing-api)
2023-02-27 11:53:07,961 DEBUG com.sm360.listing.Sm360ListingApiApplication [restartedMain] Running with Spring Boot v2.5.4, Spring v5.3.9
2023-02-27 11:53:07,961 INFO com.sm360.listing.Sm360ListingApiApplication [restartedMain] The following profiles are active: prod
2023-02-27 11:53:08,483 INFO com.sm360.listing.Sm360ListingApiApplication [restartedMain] Started Sm360ListingApiApplication in 0.544 seconds (JVM running for 1197.218)
